{
  "D:\\workspace\\employee-management-app\\src\\components\\custom-icon.js": {
    "path": "D:\\workspace\\employee-management-app\\src\\components\\custom-icon.js",
    "all": false,
    "statementMap": {
      "0": {"start": {"line": 1, "column": 0}, "end": {"line": 1, "column": 94}},
      "2": {"start": {"line": 3, "column": 0}, "end": {"line": 3, "column": 40}},
      "3": {"start": {"line": 4, "column": 0}, "end": {"line": 4, "column": 23}},
      "4": {"start": {"line": 5, "column": 0}, "end": {"line": 5, "column": 25}},
      "5": {"start": {"line": 6, "column": 0}, "end": {"line": 6, "column": 26}},
      "6": {"start": {"line": 7, "column": 0}, "end": {"line": 7, "column": 25}},
      "7": {"start": {"line": 8, "column": 0}, "end": {"line": 8, "column": 32}},
      "8": {"start": {"line": 9, "column": 0}, "end": {"line": 9, "column": 4}},
      "10": {"start": {"line": 11, "column": 0}, "end": {"line": 11, "column": 22}},
      "11": {"start": {"line": 12, "column": 0}, "end": {"line": 12, "column": 11}},
      "12": {"start": {"line": 13, "column": 0}, "end": {"line": 13, "column": 28}},
      "13": {"start": {"line": 14, "column": 0}, "end": {"line": 14, "column": 5}},
      "15": {"start": {"line": 16, "column": 0}, "end": {"line": 16, "column": 11}},
      "16": {"start": {"line": 17, "column": 0}, "end": {"line": 17, "column": 22}},
      "17": {"start": {"line": 18, "column": 0}, "end": {"line": 18, "column": 36}},
      "18": {"start": {"line": 19, "column": 0}, "end": {"line": 19, "column": 5}},
      "19": {"start": {"line": 20, "column": 0}, "end": {"line": 20, "column": 4}},
      "21": {"start": {"line": 22, "column": 0}, "end": {"line": 22, "column": 17}},
      "22": {"start": {"line": 23, "column": 0}, "end": {"line": 23, "column": 12}},
      "23": {"start": {"line": 24, "column": 0}, "end": {"line": 24, "column": 23}},
      "24": {"start": {"line": 25, "column": 0}, "end": {"line": 25, "column": 32}},
      "25": {"start": {"line": 26, "column": 0}, "end": {"line": 26, "column": 23}},
      "26": {"start": {"line": 27, "column": 0}, "end": {"line": 27, "column": 27}},
      "27": {"start": {"line": 28, "column": 0}, "end": {"line": 28, "column": 3}},
      "29": {"start": {"line": 30, "column": 0}, "end": {"line": 30, "column": 23}},
      "30": {"start": {"line": 31, "column": 0}, "end": {"line": 31, "column": 30}},
      "31": {"start": {"line": 32, "column": 0}, "end": {"line": 32, "column": 28}},
      "32": {"start": {"line": 33, "column": 0}, "end": {"line": 33, "column": 3}},
      "34": {"start": {"line": 35, "column": 0}, "end": {"line": 35, "column": 22}},
      "35": {"start": {"line": 36, "column": 0}, "end": {"line": 36, "column": 100}},
      "37": {"start": {"line": 38, "column": 0}, "end": {"line": 38, "column": 58}},
      "38": {"start": {"line": 39, "column": 0}, "end": {"line": 39, "column": 61}},
      "39": {"start": {"line": 40, "column": 0}, "end": {"line": 40, "column": 41}},
      "40": {"start": {"line": 41, "column": 0}, "end": {"line": 41, "column": 34}},
      "41": {"start": {"line": 42, "column": 0}, "end": {"line": 42, "column": 44}},
      "42": {"start": {"line": 43, "column": 0}, "end": {"line": 43, "column": 5}},
      "43": {"start": {"line": 44, "column": 0}, "end": {"line": 44, "column": 3}},
      "45": {"start": {"line": 46, "column": 0}, "end": {"line": 46, "column": 12}},
      "46": {"start": {"line": 47, "column": 0}, "end": {"line": 47, "column": 16}},
      "47": {"start": {"line": 48, "column": 0}, "end": {"line": 48, "column": 11}},
      "48": {"start": {"line": 49, "column": 0}, "end": {"line": 49, "column": 24}},
      "49": {"start": {"line": 50, "column": 0}, "end": {"line": 50, "column": 98}},
      "50": {"start": {"line": 51, "column": 0}, "end": {"line": 51, "column": 8}},
      "51": {"start": {"line": 52, "column": 0}, "end": {"line": 52, "column": 33}},
      "52": {"start": {"line": 53, "column": 0}, "end": {"line": 53, "column": 95}},
      "53": {"start": {"line": 54, "column": 0}, "end": {"line": 54, "column": 26}},
      "54": {"start": {"line": 55, "column": 0}, "end": {"line": 55, "column": 40}},
      "55": {"start": {"line": 56, "column": 0}, "end": {"line": 56, "column": 6}},
      "56": {"start": {"line": 57, "column": 0}, "end": {"line": 57, "column": 3}},
      "58": {"start": {"line": 59, "column": 0}, "end": {"line": 59, "column": 19}},
      "59": {"start": {"line": 60, "column": 0}, "end": {"line": 60, "column": 23}},
      "60": {"start": {"line": 61, "column": 0}, "end": {"line": 61, "column": 34}},
      "61": {"start": {"line": 62, "column": 0}, "end": {"line": 62, "column": 22}},
      "62": {"start": {"line": 63, "column": 0}, "end": {"line": 63, "column": 23}},
      "63": {"start": {"line": 64, "column": 0}, "end": {"line": 64, "column": 35}},
      "64": {"start": {"line": 65, "column": 0}, "end": {"line": 65, "column": 8}},
      "65": {"start": {"line": 66, "column": 0}, "end": {"line": 66, "column": 6}},
      "66": {"start": {"line": 67, "column": 0}, "end": {"line": 67, "column": 3}},
      "67": {"start": {"line": 68, "column": 0}, "end": {"line": 68, "column": 1}}
    },
    "s": {
      "0": 1,
      "2": 1,
      "3": 1,
      "4": 1,
      "5": 1,
      "6": 1,
      "7": 1,
      "8": 1,
      "10": 1,
      "11": 1,
      "12": 1,
      "13": 1,
      "15": 1,
      "16": 1,
      "17": 1,
      "18": 1,
      "19": 1,
      "21": 1,
      "22": 7,
      "23": 7,
      "24": 7,
      "25": 7,
      "26": 7,
      "27": 7,
      "29": 1,
      "30": 6,
      "31": 6,
      "32": 6,
      "34": 1,
      "35": 6,
      "37": 6,
      "38": 1,
      "39": 1,
      "40": 1,
      "41": 1,
      "42": 1,
      "43": 6,
      "45": 1,
      "46": 6,
      "47": 6,
      "48": 6,
      "49": 6,
      "50": 6,
      "51": 6,
      "52": 6,
      "53": 6,
      "54": 6,
      "55": 6,
      "56": 6,
      "58": 1,
      "59": 1,
      "60": 1,
      "61": 1,
      "62": 1,
      "63": 1,
      "64": 1,
      "65": 1,
      "66": 1,
      "67": 1
    },
    "branchMap": {
      "0": {
        "type": "branch",
        "line": 11,
        "loc": {"start": {"line": 11, "column": 2}, "end": {"line": 20, "column": 3}},
        "locations": [{"start": {"line": 11, "column": 2}, "end": {"line": 20, "column": 3}}]
      },
      "1": {
        "type": "branch",
        "line": 22,
        "loc": {"start": {"line": 22, "column": 2}, "end": {"line": 28, "column": 3}},
        "locations": [{"start": {"line": 22, "column": 2}, "end": {"line": 28, "column": 3}}]
      },
      "2": {
        "type": "branch",
        "line": 30,
        "loc": {"start": {"line": 30, "column": 2}, "end": {"line": 33, "column": 3}},
        "locations": [{"start": {"line": 30, "column": 2}, "end": {"line": 33, "column": 3}}]
      },
      "3": {
        "type": "branch",
        "line": 35,
        "loc": {"start": {"line": 35, "column": 2}, "end": {"line": 44, "column": 3}},
        "locations": [{"start": {"line": 35, "column": 2}, "end": {"line": 44, "column": 3}}]
      },
      "4": {
        "type": "branch",
        "line": 38,
        "loc": {"start": {"line": 38, "column": 57}, "end": {"line": 43, "column": 5}},
        "locations": [{"start": {"line": 38, "column": 57}, "end": {"line": 43, "column": 5}}]
      },
      "5": {
        "type": "branch",
        "line": 46,
        "loc": {"start": {"line": 46, "column": 2}, "end": {"line": 57, "column": 3}},
        "locations": [{"start": {"line": 46, "column": 2}, "end": {"line": 57, "column": 3}}]
      },
      "6": {
        "type": "branch",
        "line": 59,
        "loc": {"start": {"line": 59, "column": 2}, "end": {"line": 67, "column": 3}},
        "locations": [{"start": {"line": 59, "column": 2}, "end": {"line": 67, "column": 3}}]
      }
    },
    "b": {"0": [1], "1": [7], "2": [6], "3": [6], "4": [1], "5": [6], "6": [1]},
    "fnMap": {
      "0": {
        "name": "<static_initializer>",
        "decl": {"start": {"line": 11, "column": 2}, "end": {"line": 20, "column": 3}},
        "loc": {"start": {"line": 11, "column": 2}, "end": {"line": 20, "column": 3}},
        "line": 11
      },
      "1": {
        "name": "FaIcon",
        "decl": {"start": {"line": 22, "column": 2}, "end": {"line": 28, "column": 3}},
        "loc": {"start": {"line": 22, "column": 2}, "end": {"line": 28, "column": 3}},
        "line": 22
      },
      "2": {
        "name": "connectedCallback",
        "decl": {"start": {"line": 30, "column": 2}, "end": {"line": 33, "column": 3}},
        "loc": {"start": {"line": 30, "column": 2}, "end": {"line": 33, "column": 3}},
        "line": 30
      },
      "3": {
        "name": "_loadFontAwesome",
        "decl": {"start": {"line": 35, "column": 2}, "end": {"line": 44, "column": 3}},
        "loc": {"start": {"line": 35, "column": 2}, "end": {"line": 44, "column": 3}},
        "line": 35
      },
      "4": {
        "name": "render",
        "decl": {"start": {"line": 46, "column": 2}, "end": {"line": 57, "column": 3}},
        "loc": {"start": {"line": 46, "column": 2}, "end": {"line": 57, "column": 3}},
        "line": 46
      },
      "5": {
        "name": "_handleClick",
        "decl": {"start": {"line": 59, "column": 2}, "end": {"line": 67, "column": 3}},
        "loc": {"start": {"line": 59, "column": 2}, "end": {"line": 67, "column": 3}},
        "line": 59
      }
    },
    "f": {"0": 1, "1": 7, "2": 6, "3": 6, "4": 6, "5": 1}
  },
  "D:\\workspace\\employee-management-app\\src\\components\\employe-upsert.js": {
    "path": "D:\\workspace\\employee-management-app\\src\\components\\employe-upsert.js",
    "all": false,
    "statementMap": {
      "0": {"start": {"line": 1, "column": 0}, "end": {"line": 1, "column": 89}},
      "4": {"start": {"line": 5, "column": 0}, "end": {"line": 5, "column": 48}},
      "5": {"start": {"line": 6, "column": 0}, "end": {"line": 6, "column": 23}},
      "6": {"start": {"line": 7, "column": 0}, "end": {"line": 7, "column": 31}},
      "7": {"start": {"line": 8, "column": 0}, "end": {"line": 8, "column": 29}},
      "8": {"start": {"line": 9, "column": 0}, "end": {"line": 9, "column": 28}},
      "9": {"start": {"line": 10, "column": 0}, "end": {"line": 10, "column": 4}},
      "11": {"start": {"line": 12, "column": 0}, "end": {"line": 12, "column": 17}},
      "12": {"start": {"line": 13, "column": 0}, "end": {"line": 13, "column": 12}},
      "13": {"start": {"line": 14, "column": 0}, "end": {"line": 14, "column": 23}},
      "14": {"start": {"line": 15, "column": 0}, "end": {"line": 15, "column": 24}},
      "15": {"start": {"line": 16, "column": 0}, "end": {"line": 16, "column": 34}},
      "16": {"start": {"line": 17, "column": 0}, "end": {"line": 17, "column": 3}},
      "18": {"start": {"line": 19, "column": 0}, "end": {"line": 19, "column": 23}},
      "19": {"start": {"line": 20, "column": 0}, "end": {"line": 20, "column": 30}},
      "20": {"start": {"line": 21, "column": 0}, "end": {"line": 21, "column": 44}},
      "22": {"start": {"line": 23, "column": 0}, "end": {"line": 23, "column": 32}},
      "23": {"start": {"line": 24, "column": 0}, "end": {"line": 24, "column": 25}},
      "24": {"start": {"line": 25, "column": 0}, "end": {"line": 25, "column": 47}},
      "25": {"start": {"line": 26, "column": 0}, "end": {"line": 26, "column": 53}},
      "26": {"start": {"line": 27, "column": 0}, "end": {"line": 27, "column": 92}},
      "27": {"start": {"line": 28, "column": 0}, "end": {"line": 28, "column": 5}},
      "28": {"start": {"line": 29, "column": 0}, "end": {"line": 29, "column": 3}},
      "30": {"start": {"line": 31, "column": 0}, "end": {"line": 31, "column": 12}},
      "31": {"start": {"line": 32, "column": 0}, "end": {"line": 32, "column": 16}},
      "32": {"start": {"line": 33, "column": 0}, "end": {"line": 33, "column": 88}},
      "33": {"start": {"line": 34, "column": 0}, "end": {"line": 34, "column": 6}},
      "34": {"start": {"line": 35, "column": 0}, "end": {"line": 35, "column": 3}},
      "35": {"start": {"line": 36, "column": 0}, "end": {"line": 36, "column": 1}}
    },
    "s": {
      "0": 1,
      "4": 1,
      "5": 1,
      "6": 1,
      "7": 1,
      "8": 1,
      "9": 1,
      "11": 1,
      "12": 5,
      "13": 5,
      "14": 5,
      "15": 5,
      "16": 5,
      "18": 1,
      "19": 4,
      "20": 4,
      "22": 4,
      "23": 0,
      "24": 0,
      "25": 0,
      "26": 0,
      "27": 0,
      "28": 4,
      "30": 1,
      "31": 4,
      "32": 4,
      "33": 4,
      "34": 4,
      "35": 1
    },
    "branchMap": {
      "0": {
        "type": "branch",
        "line": 6,
        "loc": {"start": {"line": 6, "column": 2}, "end": {"line": 10, "column": 3}},
        "locations": [{"start": {"line": 6, "column": 2}, "end": {"line": 10, "column": 3}}]
      },
      "1": {
        "type": "branch",
        "line": 12,
        "loc": {"start": {"line": 12, "column": 2}, "end": {"line": 17, "column": 3}},
        "locations": [{"start": {"line": 12, "column": 2}, "end": {"line": 17, "column": 3}}]
      },
      "2": {
        "type": "branch",
        "line": 19,
        "loc": {"start": {"line": 19, "column": 2}, "end": {"line": 29, "column": 3}},
        "locations": [{"start": {"line": 19, "column": 2}, "end": {"line": 29, "column": 3}}]
      },
      "3": {
        "type": "branch",
        "line": 23,
        "loc": {"start": {"line": 23, "column": 31}, "end": {"line": 28, "column": 5}},
        "locations": [{"start": {"line": 23, "column": 31}, "end": {"line": 28, "column": 5}}]
      },
      "4": {
        "type": "branch",
        "line": 31,
        "loc": {"start": {"line": 31, "column": 2}, "end": {"line": 35, "column": 3}},
        "locations": [{"start": {"line": 31, "column": 2}, "end": {"line": 35, "column": 3}}]
      }
    },
    "b": {"0": [1], "1": [5], "2": [4], "3": [0], "4": [4]},
    "fnMap": {
      "0": {
        "name": "<static_initializer>",
        "decl": {"start": {"line": 6, "column": 2}, "end": {"line": 10, "column": 3}},
        "loc": {"start": {"line": 6, "column": 2}, "end": {"line": 10, "column": 3}},
        "line": 6
      },
      "1": {
        "name": "EmployeeUpsert",
        "decl": {"start": {"line": 12, "column": 2}, "end": {"line": 17, "column": 3}},
        "loc": {"start": {"line": 12, "column": 2}, "end": {"line": 17, "column": 3}},
        "line": 12
      },
      "2": {
        "name": "connectedCallback",
        "decl": {"start": {"line": 19, "column": 2}, "end": {"line": 29, "column": 3}},
        "loc": {"start": {"line": 19, "column": 2}, "end": {"line": 29, "column": 3}},
        "line": 19
      },
      "3": {
        "name": "render",
        "decl": {"start": {"line": 31, "column": 2}, "end": {"line": 35, "column": 3}},
        "loc": {"start": {"line": 31, "column": 2}, "end": {"line": 35, "column": 3}},
        "line": 31
      }
    },
    "f": {"0": 1, "1": 5, "2": 4, "3": 4}
  },
  "D:\\workspace\\employee-management-app\\src\\components\\app-header\\app-header.styles.js": {
    "path": "D:\\workspace\\employee-management-app\\src\\components\\app-header\\app-header.styles.js",
    "all": false,
    "statementMap": {
      "0": {"start": {"line": 1, "column": 0}, "end": {"line": 1, "column": 76}},
      "2": {"start": {"line": 3, "column": 0}, "end": {"line": 3, "column": 26}},
      "3": {"start": {"line": 4, "column": 0}, "end": {"line": 4, "column": 9}},
      "4": {"start": {"line": 5, "column": 0}, "end": {"line": 5, "column": 19}},
      "5": {"start": {"line": 6, "column": 0}, "end": {"line": 6, "column": 22}},
      "6": {"start": {"line": 7, "column": 0}, "end": {"line": 7, "column": 45}},
      "7": {"start": {"line": 8, "column": 0}, "end": {"line": 8, "column": 3}},
      "9": {"start": {"line": 10, "column": 0}, "end": {"line": 10, "column": 11}},
      "10": {"start": {"line": 11, "column": 0}, "end": {"line": 11, "column": 17}},
      "11": {"start": {"line": 12, "column": 0}, "end": {"line": 12, "column": 18}},
      "12": {"start": {"line": 13, "column": 0}, "end": {"line": 13, "column": 24}},
      "13": {"start": {"line": 14, "column": 0}, "end": {"line": 14, "column": 35}},
      "14": {"start": {"line": 15, "column": 0}, "end": {"line": 15, "column": 25}},
      "15": {"start": {"line": 16, "column": 0}, "end": {"line": 16, "column": 19}},
      "16": {"start": {"line": 17, "column": 0}, "end": {"line": 17, "column": 22}},
      "17": {"start": {"line": 18, "column": 0}, "end": {"line": 18, "column": 3}},
      "19": {"start": {"line": 20, "column": 0}, "end": {"line": 20, "column": 17}},
      "20": {"start": {"line": 21, "column": 0}, "end": {"line": 21, "column": 18}},
      "21": {"start": {"line": 22, "column": 0}, "end": {"line": 22, "column": 24}},
      "22": {"start": {"line": 23, "column": 0}, "end": {"line": 23, "column": 14}},
      "23": {"start": {"line": 24, "column": 0}, "end": {"line": 24, "column": 3}},
      "25": {"start": {"line": 26, "column": 0}, "end": {"line": 26, "column": 9}},
      "26": {"start": {"line": 27, "column": 0}, "end": {"line": 27, "column": 17}},
      "27": {"start": {"line": 28, "column": 0}, "end": {"line": 28, "column": 16}},
      "28": {"start": {"line": 29, "column": 0}, "end": {"line": 29, "column": 3}},
      "30": {"start": {"line": 31, "column": 0}, "end": {"line": 31, "column": 10}},
      "31": {"start": {"line": 32, "column": 0}, "end": {"line": 32, "column": 22}},
      "32": {"start": {"line": 33, "column": 0}, "end": {"line": 33, "column": 21}},
      "33": {"start": {"line": 34, "column": 0}, "end": {"line": 34, "column": 3}},
      "35": {"start": {"line": 36, "column": 0}, "end": {"line": 36, "column": 18}},
      "36": {"start": {"line": 37, "column": 0}, "end": {"line": 37, "column": 18}},
      "37": {"start": {"line": 38, "column": 0}, "end": {"line": 38, "column": 24}},
      "38": {"start": {"line": 39, "column": 0}, "end": {"line": 39, "column": 14}},
      "39": {"start": {"line": 40, "column": 0}, "end": {"line": 40, "column": 23}},
      "40": {"start": {"line": 41, "column": 0}, "end": {"line": 41, "column": 3}},
      "42": {"start": {"line": 43, "column": 0}, "end": {"line": 43, "column": 19}},
      "43": {"start": {"line": 44, "column": 0}, "end": {"line": 44, "column": 18}},
      "44": {"start": {"line": 45, "column": 0}, "end": {"line": 45, "column": 24}},
      "45": {"start": {"line": 46, "column": 0}, "end": {"line": 46, "column": 16}},
      "46": {"start": {"line": 47, "column": 0}, "end": {"line": 47, "column": 19}},
      "47": {"start": {"line": 48, "column": 0}, "end": {"line": 48, "column": 26}},
      "48": {"start": {"line": 49, "column": 0}, "end": {"line": 49, "column": 21}},
      "49": {"start": {"line": 50, "column": 0}, "end": {"line": 50, "column": 20}},
      "50": {"start": {"line": 51, "column": 0}, "end": {"line": 51, "column": 3}},
      "52": {"start": {"line": 53, "column": 0}, "end": {"line": 53, "column": 16}},
      "53": {"start": {"line": 54, "column": 0}, "end": {"line": 54, "column": 18}},
      "54": {"start": {"line": 55, "column": 0}, "end": {"line": 55, "column": 24}},
      "55": {"start": {"line": 56, "column": 0}, "end": {"line": 56, "column": 16}},
      "56": {"start": {"line": 57, "column": 0}, "end": {"line": 57, "column": 25}},
      "57": {"start": {"line": 58, "column": 0}, "end": {"line": 58, "column": 21}},
      "58": {"start": {"line": 59, "column": 0}, "end": {"line": 59, "column": 17}},
      "59": {"start": {"line": 60, "column": 0}, "end": {"line": 60, "column": 19}},
      "60": {"start": {"line": 61, "column": 0}, "end": {"line": 61, "column": 20}},
      "61": {"start": {"line": 62, "column": 0}, "end": {"line": 62, "column": 26}},
      "62": {"start": {"line": 63, "column": 0}, "end": {"line": 63, "column": 30}},
      "63": {"start": {"line": 64, "column": 0}, "end": {"line": 64, "column": 3}},
      "65": {"start": {"line": 66, "column": 0}, "end": {"line": 66, "column": 22}},
      "66": {"start": {"line": 67, "column": 0}, "end": {"line": 67, "column": 38}},
      "67": {"start": {"line": 68, "column": 0}, "end": {"line": 68, "column": 23}},
      "68": {"start": {"line": 69, "column": 0}, "end": {"line": 69, "column": 3}},
      "70": {"start": {"line": 71, "column": 0}, "end": {"line": 71, "column": 21}},
      "71": {"start": {"line": 72, "column": 0}, "end": {"line": 72, "column": 23}},
      "72": {"start": {"line": 73, "column": 0}, "end": {"line": 73, "column": 26}},
      "73": {"start": {"line": 74, "column": 0}, "end": {"line": 74, "column": 13}},
      "74": {"start": {"line": 75, "column": 0}, "end": {"line": 75, "column": 22}},
      "75": {"start": {"line": 76, "column": 0}, "end": {"line": 76, "column": 18}},
      "76": {"start": {"line": 77, "column": 0}, "end": {"line": 77, "column": 23}},
      "77": {"start": {"line": 78, "column": 0}, "end": {"line": 78, "column": 47}},
      "78": {"start": {"line": 79, "column": 0}, "end": {"line": 79, "column": 18}},
      "79": {"start": {"line": 80, "column": 0}, "end": {"line": 80, "column": 17}},
      "80": {"start": {"line": 81, "column": 0}, "end": {"line": 81, "column": 18}},
      "81": {"start": {"line": 82, "column": 0}, "end": {"line": 82, "column": 30}},
      "82": {"start": {"line": 83, "column": 0}, "end": {"line": 83, "column": 27}},
      "83": {"start": {"line": 84, "column": 0}, "end": {"line": 84, "column": 3}},
      "85": {"start": {"line": 86, "column": 0}, "end": {"line": 86, "column": 28}},
      "86": {"start": {"line": 87, "column": 0}, "end": {"line": 87, "column": 19}},
      "87": {"start": {"line": 88, "column": 0}, "end": {"line": 88, "column": 39}},
      "88": {"start": {"line": 89, "column": 0}, "end": {"line": 89, "column": 3}},
      "90": {"start": {"line": 91, "column": 0}, "end": {"line": 91, "column": 17}},
      "91": {"start": {"line": 92, "column": 0}, "end": {"line": 92, "column": 29}},
      "92": {"start": {"line": 93, "column": 0}, "end": {"line": 93, "column": 33}},
      "93": {"start": {"line": 94, "column": 0}, "end": {"line": 94, "column": 27}},
      "94": {"start": {"line": 95, "column": 0}, "end": {"line": 95, "column": 23}},
      "95": {"start": {"line": 96, "column": 0}, "end": {"line": 96, "column": 20}},
      "96": {"start": {"line": 97, "column": 0}, "end": {"line": 97, "column": 30}},
      "97": {"start": {"line": 98, "column": 0}, "end": {"line": 98, "column": 27}},
      "98": {"start": {"line": 99, "column": 0}, "end": {"line": 99, "column": 3}},
      "100": {"start": {"line": 101, "column": 0}, "end": {"line": 101, "column": 23}},
      "101": {"start": {"line": 102, "column": 0}, "end": {"line": 102, "column": 18}},
      "102": {"start": {"line": 103, "column": 0}, "end": {"line": 103, "column": 26}},
      "103": {"start": {"line": 104, "column": 0}, "end": {"line": 104, "column": 48}},
      "104": {"start": {"line": 105, "column": 0}, "end": {"line": 105, "column": 3}},
      "106": {"start": {"line": 107, "column": 0}, "end": {"line": 107, "column": 24}},
      "107": {"start": {"line": 108, "column": 0}, "end": {"line": 108, "column": 10}},
      "108": {"start": {"line": 109, "column": 0}, "end": {"line": 109, "column": 17}},
      "109": {"start": {"line": 110, "column": 0}, "end": {"line": 110, "column": 35}},
      "110": {"start": {"line": 111, "column": 0}, "end": {"line": 111, "column": 5}},
      "111": {"start": {"line": 112, "column": 0}, "end": {"line": 112, "column": 8}},
      "112": {"start": {"line": 113, "column": 0}, "end": {"line": 113, "column": 17}},
      "113": {"start": {"line": 114, "column": 0}, "end": {"line": 114, "column": 31}},
      "114": {"start": {"line": 115, "column": 0}, "end": {"line": 115, "column": 5}},
      "115": {"start": {"line": 116, "column": 0}, "end": {"line": 116, "column": 3}},
      "116": {"start": {"line": 117, "column": 0}, "end": {"line": 117, "column": 2}}
    },
    "s": {
      "0": 1,
      "2": 1,
      "3": 1,
      "4": 1,
      "5": 1,
      "6": 1,
      "7": 1,
      "9": 1,
      "10": 1,
      "11": 1,
      "12": 1,
      "13": 1,
      "14": 1,
      "15": 1,
      "16": 1,
      "17": 1,
      "19": 1,
      "20": 1,
      "21": 1,
      "22": 1,
      "23": 1,
      "25": 1,
      "26": 1,
      "27": 1,
      "28": 1,
      "30": 1,
      "31": 1,
      "32": 1,
      "33": 1,
      "35": 1,
      "36": 1,
      "37": 1,
      "38": 1,
      "39": 1,
      "40": 1,
      "42": 1,
      "43": 1,
      "44": 1,
      "45": 1,
      "46": 1,
      "47": 1,
      "48": 1,
      "49": 1,
      "50": 1,
      "52": 1,
      "53": 1,
      "54": 1,
      "55": 1,
      "56": 1,
      "57": 1,
      "58": 1,
      "59": 1,
      "60": 1,
      "61": 1,
      "62": 1,
      "63": 1,
      "65": 1,
      "66": 1,
      "67": 1,
      "68": 1,
      "70": 1,
      "71": 1,
      "72": 1,
      "73": 1,
      "74": 1,
      "75": 1,
      "76": 1,
      "77": 1,
      "78": 1,
      "79": 1,
      "80": 1,
      "81": 1,
      "82": 1,
      "83": 1,
      "85": 1,
      "86": 1,
      "87": 1,
      "88": 1,
      "90": 1,
      "91": 1,
      "92": 1,
      "93": 1,
      "94": 1,
      "95": 1,
      "96": 1,
      "97": 1,
      "98": 1,
      "100": 1,
      "101": 1,
      "102": 1,
      "103": 1,
      "104": 1,
      "106": 1,
      "107": 1,
      "108": 1,
      "109": 1,
      "110": 1,
      "111": 1,
      "112": 1,
      "113": 1,
      "114": 1,
      "115": 1,
      "116": 1
    },
    "branchMap": {},
    "b": {},
    "fnMap": {},
    "f": {}
  },
  "D:\\workspace\\employee-management-app\\src\\components\\app-header\\index.js": {
    "path": "D:\\workspace\\employee-management-app\\src\\components\\app-header\\index.js",
    "all": false,
    "statementMap": {
      "0": {"start": {"line": 1, "column": 0}, "end": {"line": 1, "column": 89}},
      "4": {"start": {"line": 5, "column": 0}, "end": {"line": 5, "column": 43}},
      "5": {"start": {"line": 6, "column": 0}, "end": {"line": 6, "column": 25}},
      "7": {"start": {"line": 8, "column": 0}, "end": {"line": 8, "column": 23}},
      "8": {"start": {"line": 9, "column": 0}, "end": {"line": 9, "column": 36}},
      "9": {"start": {"line": 10, "column": 0}, "end": {"line": 10, "column": 35}},
      "10": {"start": {"line": 11, "column": 0}, "end": {"line": 11, "column": 32}},
      "11": {"start": {"line": 12, "column": 0}, "end": {"line": 12, "column": 4}},
      "13": {"start": {"line": 14, "column": 0}, "end": {"line": 14, "column": 17}},
      "14": {"start": {"line": 15, "column": 0}, "end": {"line": 15, "column": 12}},
      "15": {"start": {"line": 16, "column": 0}, "end": {"line": 16, "column": 28}},
      "16": {"start": {"line": 17, "column": 0}, "end": {"line": 17, "column": 34}},
      "17": {"start": {"line": 18, "column": 0}, "end": {"line": 18, "column": 3}},
      "19": {"start": {"line": 20, "column": 0}, "end": {"line": 20, "column": 20}},
      "20": {"start": {"line": 21, "column": 0}, "end": {"line": 21, "column": 23}},
      "21": {"start": {"line": 22, "column": 0}, "end": {"line": 22, "column": 39}},
      "22": {"start": {"line": 23, "column": 0}, "end": {"line": 23, "column": 3}},
      "24": {"start": {"line": 25, "column": 0}, "end": {"line": 25, "column": 20}},
      "25": {"start": {"line": 26, "column": 0}, "end": {"line": 26, "column": 39}},
      "26": {"start": {"line": 27, "column": 0}, "end": {"line": 27, "column": 23}},
      "27": {"start": {"line": 28, "column": 0}, "end": {"line": 28, "column": 42}},
      "28": {"start": {"line": 29, "column": 0}, "end": {"line": 29, "column": 30}},
      "29": {"start": {"line": 30, "column": 0}, "end": {"line": 30, "column": 22}},
      "30": {"start": {"line": 31, "column": 0}, "end": {"line": 31, "column": 23}},
      "31": {"start": {"line": 32, "column": 0}, "end": {"line": 32, "column": 8}},
      "32": {"start": {"line": 33, "column": 0}, "end": {"line": 33, "column": 6}},
      "33": {"start": {"line": 34, "column": 0}, "end": {"line": 34, "column": 3}},
      "35": {"start": {"line": 36, "column": 0}, "end": {"line": 36, "column": 12}},
      "36": {"start": {"line": 37, "column": 0}, "end": {"line": 37, "column": 16}},
      "37": {"start": {"line": 38, "column": 0}, "end": {"line": 38, "column": 29}},
      "38": {"start": {"line": 39, "column": 0}, "end": {"line": 39, "column": 34}},
      "39": {"start": {"line": 40, "column": 0}, "end": {"line": 40, "column": 73}},
      "40": {"start": {"line": 41, "column": 0}, "end": {"line": 41, "column": 40}},
      "41": {"start": {"line": 42, "column": 0}, "end": {"line": 42, "column": 14}},
      "43": {"start": {"line": 44, "column": 0}, "end": {"line": 44, "column": 35}},
      "44": {"start": {"line": 45, "column": 0}, "end": {"line": 45, "column": 65}},
      "45": {"start": {"line": 46, "column": 0}, "end": {"line": 46, "column": 55}},
      "46": {"start": {"line": 47, "column": 0}, "end": {"line": 47, "column": 31}},
      "47": {"start": {"line": 48, "column": 0}, "end": {"line": 48, "column": 14}},
      "48": {"start": {"line": 49, "column": 0}, "end": {"line": 49, "column": 75}},
      "49": {"start": {"line": 50, "column": 0}, "end": {"line": 50, "column": 18}},
      "50": {"start": {"line": 51, "column": 0}, "end": {"line": 51, "column": 25}},
      "51": {"start": {"line": 52, "column": 0}, "end": {"line": 52, "column": 34}},
      "52": {"start": {"line": 53, "column": 0}, "end": {"line": 53, "column": 55}},
      "53": {"start": {"line": 54, "column": 0}, "end": {"line": 54, "column": 42}},
      "54": {"start": {"line": 55, "column": 0}, "end": {"line": 55, "column": 45}},
      "55": {"start": {"line": 56, "column": 0}, "end": {"line": 56, "column": 16}},
      "56": {"start": {"line": 57, "column": 0}, "end": {"line": 57, "column": 45}},
      "57": {"start": {"line": 58, "column": 0}, "end": {"line": 58, "column": 55}},
      "58": {"start": {"line": 59, "column": 0}, "end": {"line": 59, "column": 29}},
      "59": {"start": {"line": 60, "column": 0}, "end": {"line": 60, "column": 14}},
      "61": {"start": {"line": 62, "column": 0}, "end": {"line": 62, "column": 51}},
      "62": {"start": {"line": 63, "column": 0}, "end": {"line": 63, "column": 14}},
      "63": {"start": {"line": 64, "column": 0}, "end": {"line": 64, "column": 15}},
      "64": {"start": {"line": 65, "column": 0}, "end": {"line": 65, "column": 6}},
      "65": {"start": {"line": 66, "column": 0}, "end": {"line": 66, "column": 3}},
      "66": {"start": {"line": 67, "column": 0}, "end": {"line": 67, "column": 1}}
    },
    "s": {
      "0": 1,
      "4": 1,
      "5": 1,
      "7": 1,
      "8": 1,
      "9": 1,
      "10": 1,
      "11": 1,
      "13": 1,
      "14": 6,
      "15": 6,
      "16": 6,
      "17": 6,
      "19": 1,
      "20": 2,
      "21": 2,
      "22": 2,
      "24": 1,
      "25": 1,
      "26": 1,
      "27": 1,
      "28": 1,
      "29": 1,
      "30": 1,
      "31": 1,
      "32": 1,
      "33": 1,
      "35": 1,
      "36": 9,
      "37": 9,
      "38": 9,
      "39": 9,
      "40": 9,
      "41": 9,
      "43": 9,
      "44": 9,
      "45": 9,
      "46": 9,
      "47": 9,
      "48": 9,
      "49": 9,
      "50": 9,
      "51": 9,
      "52": 9,
      "53": 9,
      "54": 9,
      "55": 9,
      "56": 9,
      "57": 9,
      "58": 9,
      "59": 9,
      "61": 9,
      "62": 9,
      "63": 9,
      "64": 9,
      "65": 9,
      "66": 1
    },
    "branchMap": {
      "0": {
        "type": "branch",
        "line": 8,
        "loc": {"start": {"line": 8, "column": 2}, "end": {"line": 12, "column": 3}},
        "locations": [{"start": {"line": 8, "column": 2}, "end": {"line": 12, "column": 3}}]
      },
      "1": {
        "type": "branch",
        "line": 14,
        "loc": {"start": {"line": 14, "column": 2}, "end": {"line": 18, "column": 3}},
        "locations": [{"start": {"line": 14, "column": 2}, "end": {"line": 18, "column": 3}}]
      },
      "2": {
        "type": "branch",
        "line": 20,
        "loc": {"start": {"line": 20, "column": 2}, "end": {"line": 23, "column": 3}},
        "locations": [{"start": {"line": 20, "column": 2}, "end": {"line": 23, "column": 3}}]
      },
      "3": {
        "type": "branch",
        "line": 25,
        "loc": {"start": {"line": 25, "column": 2}, "end": {"line": 34, "column": 3}},
        "locations": [{"start": {"line": 25, "column": 2}, "end": {"line": 34, "column": 3}}]
      },
      "4": {
        "type": "branch",
        "line": 36,
        "loc": {"start": {"line": 36, "column": 2}, "end": {"line": 66, "column": 3}},
        "locations": [{"start": {"line": 36, "column": 2}, "end": {"line": 66, "column": 3}}]
      },
      "5": {
        "type": "branch",
        "line": 49,
        "loc": {"start": {"line": 49, "column": 57}, "end": {"line": 49, "column": 67}},
        "locations": [{"start": {"line": 49, "column": 57}, "end": {"line": 49, "column": 67}}]
      },
      "6": {
        "type": "branch",
        "line": 49,
        "loc": {"start": {"line": 49, "column": 68}, "end": {"line": 49, "column": 72}},
        "locations": [{"start": {"line": 49, "column": 68}, "end": {"line": 49, "column": 72}}]
      }
    },
    "b": {"0": [1], "1": [6], "2": [2], "3": [1], "4": [9], "5": [3], "6": [6]},
    "fnMap": {
      "0": {
        "name": "<static_initializer>",
        "decl": {"start": {"line": 8, "column": 2}, "end": {"line": 12, "column": 3}},
        "loc": {"start": {"line": 8, "column": 2}, "end": {"line": 12, "column": 3}},
        "line": 8
      },
      "1": {
        "name": "AppHeader",
        "decl": {"start": {"line": 14, "column": 2}, "end": {"line": 18, "column": 3}},
        "loc": {"start": {"line": 14, "column": 2}, "end": {"line": 18, "column": 3}},
        "line": 14
      },
      "2": {
        "name": "_toggleSearch",
        "decl": {"start": {"line": 20, "column": 2}, "end": {"line": 23, "column": 3}},
        "loc": {"start": {"line": 20, "column": 2}, "end": {"line": 23, "column": 3}},
        "line": 20
      },
      "3": {
        "name": "_handleSearch",
        "decl": {"start": {"line": 25, "column": 2}, "end": {"line": 34, "column": 3}},
        "loc": {"start": {"line": 25, "column": 2}, "end": {"line": 34, "column": 3}},
        "line": 25
      },
      "4": {
        "name": "render",
        "decl": {"start": {"line": 36, "column": 2}, "end": {"line": 66, "column": 3}},
        "loc": {"start": {"line": 36, "column": 2}, "end": {"line": 66, "column": 3}},
        "line": 36
      }
    },
    "f": {"0": 1, "1": 6, "2": 2, "3": 1, "4": 9}
  },
  "D:\\workspace\\employee-management-app\\src\\components\\app-pagination\\app-pagination.styles.js": {
    "path": "D:\\workspace\\employee-management-app\\src\\components\\app-pagination\\app-pagination.styles.js",
    "all": false,
    "statementMap": {
      "0": {"start": {"line": 1, "column": 0}, "end": {"line": 1, "column": 76}},
      "2": {"start": {"line": 3, "column": 0}, "end": {"line": 3, "column": 26}},
      "3": {"start": {"line": 4, "column": 0}, "end": {"line": 4, "column": 9}},
      "4": {"start": {"line": 5, "column": 0}, "end": {"line": 5, "column": 19}},
      "5": {"start": {"line": 6, "column": 0}, "end": {"line": 6, "column": 18}},
      "6": {"start": {"line": 7, "column": 0}, "end": {"line": 7, "column": 3}},
      "8": {"start": {"line": 9, "column": 0}, "end": {"line": 9, "column": 15}},
      "9": {"start": {"line": 10, "column": 0}, "end": {"line": 10, "column": 18}},
      "10": {"start": {"line": 11, "column": 0}, "end": {"line": 11, "column": 28}},
      "11": {"start": {"line": 12, "column": 0}, "end": {"line": 12, "column": 13}},
      "12": {"start": {"line": 13, "column": 0}, "end": {"line": 13, "column": 24}},
      "13": {"start": {"line": 14, "column": 0}, "end": {"line": 14, "column": 3}},
      "15": {"start": {"line": 16, "column": 0}, "end": {"line": 16, "column": 10}},
      "16": {"start": {"line": 17, "column": 0}, "end": {"line": 17, "column": 21}},
      "17": {"start": {"line": 18, "column": 0}, "end": {"line": 18, "column": 17}},
      "18": {"start": {"line": 19, "column": 0}, "end": {"line": 19, "column": 22}},
      "19": {"start": {"line": 20, "column": 0}, "end": {"line": 20, "column": 20}},
      "20": {"start": {"line": 21, "column": 0}, "end": {"line": 21, "column": 20}},
      "21": {"start": {"line": 22, "column": 0}, "end": {"line": 22, "column": 25}},
      "22": {"start": {"line": 23, "column": 0}, "end": {"line": 23, "column": 3}},
      "24": {"start": {"line": 25, "column": 0}, "end": {"line": 25, "column": 19}},
      "25": {"start": {"line": 26, "column": 0}, "end": {"line": 26, "column": 17}},
      "26": {"start": {"line": 27, "column": 0}, "end": {"line": 27, "column": 24}},
      "27": {"start": {"line": 28, "column": 0}, "end": {"line": 28, "column": 3}},
      "29": {"start": {"line": 30, "column": 0}, "end": {"line": 30, "column": 17}},
      "30": {"start": {"line": 31, "column": 0}, "end": {"line": 31, "column": 30}},
      "31": {"start": {"line": 32, "column": 0}, "end": {"line": 32, "column": 17}},
      "32": {"start": {"line": 33, "column": 0}, "end": {"line": 33, "column": 26}},
      "33": {"start": {"line": 34, "column": 0}, "end": {"line": 34, "column": 26}},
      "34": {"start": {"line": 35, "column": 0}, "end": {"line": 35, "column": 3}},
      "36": {"start": {"line": 37, "column": 0}, "end": {"line": 37, "column": 31}},
      "37": {"start": {"line": 38, "column": 0}, "end": {"line": 38, "column": 30}},
      "38": {"start": {"line": 39, "column": 0}, "end": {"line": 39, "column": 3}},
      "40": {"start": {"line": 41, "column": 0}, "end": {"line": 41, "column": 23}},
      "41": {"start": {"line": 42, "column": 0}, "end": {"line": 42, "column": 30}},
      "42": {"start": {"line": 43, "column": 0}, "end": {"line": 43, "column": 3}},
      "44": {"start": {"line": 45, "column": 0}, "end": {"line": 45, "column": 13}},
      "45": {"start": {"line": 46, "column": 0}, "end": {"line": 46, "column": 19}},
      "46": {"start": {"line": 47, "column": 0}, "end": {"line": 47, "column": 3}},
      "47": {"start": {"line": 48, "column": 0}, "end": {"line": 48, "column": 2}}
    },
    "s": {
      "0": 1,
      "2": 1,
      "3": 1,
      "4": 1,
      "5": 1,
      "6": 1,
      "8": 1,
      "9": 1,
      "10": 1,
      "11": 1,
      "12": 1,
      "13": 1,
      "15": 1,
      "16": 1,
      "17": 1,
      "18": 1,
      "19": 1,
      "20": 1,
      "21": 1,
      "22": 1,
      "24": 1,
      "25": 1,
      "26": 1,
      "27": 1,
      "29": 1,
      "30": 1,
      "31": 1,
      "32": 1,
      "33": 1,
      "34": 1,
      "36": 1,
      "37": 1,
      "38": 1,
      "40": 1,
      "41": 1,
      "42": 1,
      "44": 1,
      "45": 1,
      "46": 1,
      "47": 1
    },
    "branchMap": {},
    "b": {},
    "fnMap": {},
    "f": {}
  },
  "D:\\workspace\\employee-management-app\\src\\components\\app-pagination\\index.js": {
    "path": "D:\\workspace\\employee-management-app\\src\\components\\app-pagination\\index.js",
    "all": false,
    "statementMap": {
      "0": {"start": {"line": 1, "column": 0}, "end": {"line": 1, "column": 89}},
      "3": {"start": {"line": 4, "column": 0}, "end": {"line": 4, "column": 47}},
      "4": {"start": {"line": 5, "column": 0}, "end": {"line": 5, "column": 23}},
      "5": {"start": {"line": 6, "column": 0}, "end": {"line": 6, "column": 32}},
      "6": {"start": {"line": 7, "column": 0}, "end": {"line": 7, "column": 31}},
      "7": {"start": {"line": 8, "column": 0}, "end": {"line": 8, "column": 4}},
      "9": {"start": {"line": 10, "column": 0}, "end": {"line": 10, "column": 25}},
      "11": {"start": {"line": 12, "column": 0}, "end": {"line": 12, "column": 17}},
      "12": {"start": {"line": 13, "column": 0}, "end": {"line": 13, "column": 12}},
      "13": {"start": {"line": 14, "column": 0}, "end": {"line": 14, "column": 25}},
      "14": {"start": {"line": 15, "column": 0}, "end": {"line": 15, "column": 24}},
      "15": {"start": {"line": 16, "column": 0}, "end": {"line": 16, "column": 3}},
      "17": {"start": {"line": 18, "column": 0}, "end": {"line": 18, "column": 26}},
      "18": {"start": {"line": 19, "column": 0}, "end": {"line": 19, "column": 36}},
      "19": {"start": {"line": 20, "column": 0}, "end": {"line": 20, "column": 25}},
      "20": {"start": {"line": 21, "column": 0}, "end": {"line": 21, "column": 40}},
      "21": {"start": {"line": 22, "column": 0}, "end": {"line": 22, "column": 25}},
      "22": {"start": {"line": 23, "column": 0}, "end": {"line": 23, "column": 10}},
      "23": {"start": {"line": 24, "column": 0}, "end": {"line": 24, "column": 8}},
      "24": {"start": {"line": 25, "column": 0}, "end": {"line": 25, "column": 5}},
      "25": {"start": {"line": 26, "column": 0}, "end": {"line": 26, "column": 3}},
      "27": {"start": {"line": 28, "column": 0}, "end": {"line": 28, "column": 24}},
      "28": {"start": {"line": 29, "column": 0}, "end": {"line": 29, "column": 21}},
      "29": {"start": {"line": 30, "column": 0}, "end": {"line": 30, "column": 51}},
      "30": {"start": {"line": 31, "column": 0}, "end": {"line": 31, "column": 67}},
      "32": {"start": {"line": 33, "column": 0}, "end": {"line": 33, "column": 28}},
      "33": {"start": {"line": 34, "column": 0}, "end": {"line": 34, "column": 20}},
      "34": {"start": {"line": 35, "column": 0}, "end": {"line": 35, "column": 24}},
      "35": {"start": {"line": 36, "column": 0}, "end": {"line": 36, "column": 5}},
      "37": {"start": {"line": 38, "column": 0}, "end": {"line": 38, "column": 9}},
      "38": {"start": {"line": 39, "column": 0}, "end": {"line": 39, "column": 48}},
      "39": {"start": {"line": 40, "column": 0}, "end": {"line": 40, "column": 59}},
      "40": {"start": {"line": 41, "column": 0}, "end": {"line": 41, "column": 9}},
      "41": {"start": {"line": 42, "column": 0}, "end": {"line": 42, "column": 7}},
      "42": {"start": {"line": 43, "column": 0}, "end": {"line": 43, "column": 20}},
      "43": {"start": {"line": 44, "column": 0}, "end": {"line": 44, "column": 5}},
      "45": {"start": {"line": 46, "column": 0}, "end": {"line": 46, "column": 26}},
      "46": {"start": {"line": 47, "column": 0}, "end": {"line": 47, "column": 24}},
      "47": {"start": {"line": 48, "column": 0}, "end": {"line": 48, "column": 34}},
      "48": {"start": {"line": 49, "column": 0}, "end": {"line": 49, "column": 5}},
      "50": {"start": {"line": 51, "column": 0}, "end": {"line": 51, "column": 32}},
      "51": {"start": {"line": 52, "column": 0}, "end": {"line": 52, "column": 27}},
      "52": {"start": {"line": 53, "column": 0}, "end": {"line": 53, "column": 55}},
      "53": {"start": {"line": 54, "column": 0}, "end": {"line": 54, "column": 7}},
      "54": {"start": {"line": 55, "column": 0}, "end": {"line": 55, "column": 18}},
      "55": {"start": {"line": 56, "column": 0}, "end": {"line": 56, "column": 15}},
      "56": {"start": {"line": 57, "column": 0}, "end": {"line": 57, "column": 60}},
      "57": {"start": {"line": 58, "column": 0}, "end": {"line": 58, "column": 54}},
      "58": {"start": {"line": 59, "column": 0}, "end": {"line": 59, "column": 17}},
      "59": {"start": {"line": 60, "column": 0}, "end": {"line": 60, "column": 17}},
      "60": {"start": {"line": 61, "column": 0}, "end": {"line": 61, "column": 8}},
      "61": {"start": {"line": 62, "column": 0}, "end": {"line": 62, "column": 7}},
      "62": {"start": {"line": 63, "column": 0}, "end": {"line": 63, "column": 3}},
      "64": {"start": {"line": 65, "column": 0}, "end": {"line": 65, "column": 12}},
      "65": {"start": {"line": 66, "column": 0}, "end": {"line": 66, "column": 16}},
      "66": {"start": {"line": 67, "column": 0}, "end": {"line": 67, "column": 30}},
      "67": {"start": {"line": 68, "column": 0}, "end": {"line": 68, "column": 15}},
      "68": {"start": {"line": 69, "column": 0}, "end": {"line": 69, "column": 69}},
      "69": {"start": {"line": 70, "column": 0}, "end": {"line": 70, "column": 46}},
      "70": {"start": {"line": 71, "column": 0}, "end": {"line": 71, "column": 59}},
      "71": {"start": {"line": 72, "column": 0}, "end": {"line": 72, "column": 17}},
      "72": {"start": {"line": 73, "column": 0}, "end": {"line": 73, "column": 36}},
      "73": {"start": {"line": 74, "column": 0}, "end": {"line": 74, "column": 15}},
      "74": {"start": {"line": 75, "column": 0}, "end": {"line": 75, "column": 69}},
      "75": {"start": {"line": 76, "column": 0}, "end": {"line": 76, "column": 60}},
      "76": {"start": {"line": 77, "column": 0}, "end": {"line": 77, "column": 60}},
      "77": {"start": {"line": 78, "column": 0}, "end": {"line": 78, "column": 17}},
      "78": {"start": {"line": 79, "column": 0}, "end": {"line": 79, "column": 12}},
      "79": {"start": {"line": 80, "column": 0}, "end": {"line": 80, "column": 6}},
      "80": {"start": {"line": 81, "column": 0}, "end": {"line": 81, "column": 3}},
      "81": {"start": {"line": 82, "column": 0}, "end": {"line": 82, "column": 1}}
    },
    "s": {
      "0": 1,
      "3": 1,
      "4": 1,
      "5": 1,
      "6": 1,
      "7": 1,
      "9": 1,
      "11": 1,
      "12": 8,
      "13": 8,
      "14": 8,
      "15": 8,
      "17": 1,
      "18": 2,
      "19": 1,
      "20": 1,
      "21": 1,
      "22": 1,
      "23": 1,
      "24": 1,
      "25": 2,
      "27": 1,
      "28": 7,
      "29": 7,
      "30": 7,
      "32": 7,
      "33": 2,
      "34": 2,
      "35": 2,
      "37": 7,
      "38": 7,
      "39": 7,
      "40": 7,
      "41": 7,
      "42": 19,
      "43": 19,
      "45": 7,
      "46": 3,
      "47": 3,
      "48": 3,
      "50": 7,
      "51": 29,
      "52": 5,
      "53": 5,
      "54": 24,
      "55": 24,
      "56": 29,
      "57": 29,
      "58": 29,
      "59": 29,
      "60": 29,
      "61": 7,
      "62": 7,
      "64": 1,
      "65": 7,
      "66": 7,
      "67": 7,
      "68": 7,
      "69": 7,
      "70": 7,
      "71": 7,
      "72": 7,
      "73": 7,
      "74": 7,
      "75": 7,
      "76": 7,
      "77": 7,
      "78": 7,
      "79": 7,
      "80": 7,
      "81": 1
    },
    "branchMap": {
      "0": {
        "type": "branch",
        "line": 10,
        "loc": {"start": {"line": 10, "column": 2}, "end": {"line": 10, "column": 24}},
        "locations": [{"start": {"line": 10, "column": 2}, "end": {"line": 10, "column": 24}}]
      },
      "1": {
        "type": "branch",
        "line": 12,
        "loc": {"start": {"line": 12, "column": 2}, "end": {"line": 16, "column": 3}},
        "locations": [{"start": {"line": 12, "column": 2}, "end": {"line": 16, "column": 3}}]
      },
      "2": {
        "type": "branch",
        "line": 18,
        "loc": {"start": {"line": 18, "column": 2}, "end": {"line": 26, "column": 3}},
        "locations": [{"start": {"line": 18, "column": 2}, "end": {"line": 26, "column": 3}}]
      },
      "3": {
        "type": "branch",
        "line": 19,
        "loc": {"start": {"line": 19, "column": 35}, "end": {"line": 25, "column": 5}},
        "locations": [{"start": {"line": 19, "column": 35}, "end": {"line": 25, "column": 5}}]
      },
      "4": {
        "type": "branch",
        "line": 28,
        "loc": {"start": {"line": 28, "column": 2}, "end": {"line": 63, "column": 3}},
        "locations": [{"start": {"line": 28, "column": 2}, "end": {"line": 63, "column": 3}}]
      },
      "5": {
        "type": "branch",
        "line": 33,
        "loc": {"start": {"line": 33, "column": 27}, "end": {"line": 36, "column": 5}},
        "locations": [{"start": {"line": 33, "column": 27}, "end": {"line": 36, "column": 5}}]
      },
      "6": {
        "type": "branch",
        "line": 42,
        "loc": {"start": {"line": 42, "column": 6}, "end": {"line": 44, "column": 5}},
        "locations": [{"start": {"line": 42, "column": 6}, "end": {"line": 44, "column": 5}}]
      },
      "7": {
        "type": "branch",
        "line": 46,
        "loc": {"start": {"line": 46, "column": 25}, "end": {"line": 49, "column": 5}},
        "locations": [{"start": {"line": 46, "column": 25}, "end": {"line": 49, "column": 5}}]
      },
      "8": {
        "type": "branch",
        "line": 51,
        "loc": {"start": {"line": 51, "column": 21}, "end": {"line": 62, "column": 5}},
        "locations": [{"start": {"line": 51, "column": 21}, "end": {"line": 62, "column": 5}}]
      },
      "9": {
        "type": "branch",
        "line": 52,
        "loc": {"start": {"line": 52, "column": 26}, "end": {"line": 54, "column": 7}},
        "locations": [{"start": {"line": 52, "column": 26}, "end": {"line": 54, "column": 7}}]
      },
      "10": {
        "type": "branch",
        "line": 54,
        "loc": {"start": {"line": 54, "column": 6}, "end": {"line": 57, "column": 44}},
        "locations": [{"start": {"line": 54, "column": 6}, "end": {"line": 57, "column": 44}}]
      },
      "11": {
        "type": "branch",
        "line": 57,
        "loc": {"start": {"line": 57, "column": 44}, "end": {"line": 57, "column": 54}},
        "locations": [{"start": {"line": 57, "column": 44}, "end": {"line": 57, "column": 54}}]
      },
      "12": {
        "type": "branch",
        "line": 57,
        "loc": {"start": {"line": 57, "column": 55}, "end": {"line": 57, "column": 59}},
        "locations": [{"start": {"line": 57, "column": 55}, "end": {"line": 57, "column": 59}}]
      },
      "13": {
        "type": "branch",
        "line": 58,
        "loc": {"start": {"line": 58, "column": 19}, "end": {"line": 58, "column": 52}},
        "locations": [{"start": {"line": 58, "column": 19}, "end": {"line": 58, "column": 52}}]
      },
      "14": {
        "type": "branch",
        "line": 65,
        "loc": {"start": {"line": 65, "column": 2}, "end": {"line": 81, "column": 3}},
        "locations": [{"start": {"line": 65, "column": 2}, "end": {"line": 81, "column": 3}}]
      },
      "15": {
        "type": "branch",
        "line": 69,
        "loc": {"start": {"line": 69, "column": 19}, "end": {"line": 69, "column": 68}},
        "locations": [{"start": {"line": 69, "column": 19}, "end": {"line": 69, "column": 68}}]
      }
    },
    "b": {
      "0": [1],
      "1": [8],
      "2": [2],
      "3": [1],
      "4": [7],
      "5": [2],
      "6": [19],
      "7": [3],
      "8": [29],
      "9": [5],
      "10": [24],
      "11": [7],
      "12": [17],
      "13": [1],
      "14": [7],
      "15": [1]
    },
    "fnMap": {
      "0": {
        "name": "<static_initializer>",
        "decl": {"start": {"line": 10, "column": 2}, "end": {"line": 10, "column": 24}},
        "loc": {"start": {"line": 10, "column": 2}, "end": {"line": 10, "column": 24}},
        "line": 10
      },
      "1": {
        "name": "AppPagination",
        "decl": {"start": {"line": 12, "column": 2}, "end": {"line": 16, "column": 3}},
        "loc": {"start": {"line": 12, "column": 2}, "end": {"line": 16, "column": 3}},
        "line": 12
      },
      "2": {
        "name": "_handlePageClick",
        "decl": {"start": {"line": 18, "column": 2}, "end": {"line": 26, "column": 3}},
        "loc": {"start": {"line": 18, "column": 2}, "end": {"line": 26, "column": 3}},
        "line": 18
      },
      "3": {
        "name": "_renderPageNumbers",
        "decl": {"start": {"line": 28, "column": 2}, "end": {"line": 63, "column": 3}},
        "loc": {"start": {"line": 28, "column": 2}, "end": {"line": 63, "column": 3}},
        "line": 28
      },
      "4": {
        "name": "render",
        "decl": {"start": {"line": 65, "column": 2}, "end": {"line": 81, "column": 3}},
        "loc": {"start": {"line": 65, "column": 2}, "end": {"line": 81, "column": 3}},
        "line": 65
      }
    },
    "f": {"0": 1, "1": 8, "2": 2, "3": 7, "4": 7}
  },
  "D:\\workspace\\employee-management-app\\src\\components\\employee-form\\employee-form.styles.js": {
    "path": "D:\\workspace\\employee-management-app\\src\\components\\employee-form\\employee-form.styles.js",
    "all": false,
    "statementMap": {
      "0": {"start": {"line": 1, "column": 0}, "end": {"line": 1, "column": 76}},
      "2": {"start": {"line": 3, "column": 0}, "end": {"line": 3, "column": 26}},
      "3": {"start": {"line": 4, "column": 0}, "end": {"line": 4, "column": 19}},
      "4": {"start": {"line": 5, "column": 0}, "end": {"line": 5, "column": 21}},
      "5": {"start": {"line": 6, "column": 0}, "end": {"line": 6, "column": 17}},
      "6": {"start": {"line": 7, "column": 0}, "end": {"line": 7, "column": 18}},
      "7": {"start": {"line": 8, "column": 0}, "end": {"line": 8, "column": 27}},
      "8": {"start": {"line": 9, "column": 0}, "end": {"line": 9, "column": 23}},
      "9": {"start": {"line": 10, "column": 0}, "end": {"line": 10, "column": 3}},
      "10": {"start": {"line": 11, "column": 0}, "end": {"line": 11, "column": 15}},
      "11": {"start": {"line": 12, "column": 0}, "end": {"line": 12, "column": 24}},
      "12": {"start": {"line": 13, "column": 0}, "end": {"line": 13, "column": 19}},
      "13": {"start": {"line": 14, "column": 0}, "end": {"line": 14, "column": 3}},
      "14": {"start": {"line": 15, "column": 0}, "end": {"line": 15, "column": 18}},
      "15": {"start": {"line": 16, "column": 0}, "end": {"line": 16, "column": 18}},
      "16": {"start": {"line": 17, "column": 0}, "end": {"line": 17, "column": 28}},
      "17": {"start": {"line": 18, "column": 0}, "end": {"line": 18, "column": 3}},
      "18": {"start": {"line": 19, "column": 0}, "end": {"line": 19, "column": 9}},
      "19": {"start": {"line": 20, "column": 0}, "end": {"line": 20, "column": 19}},
      "20": {"start": {"line": 21, "column": 0}, "end": {"line": 21, "column": 22}},
      "21": {"start": {"line": 22, "column": 0}, "end": {"line": 22, "column": 23}},
      "22": {"start": {"line": 23, "column": 0}, "end": {"line": 23, "column": 3}},
      "23": {"start": {"line": 24, "column": 0}, "end": {"line": 24, "column": 8}},
      "24": {"start": {"line": 25, "column": 0}, "end": {"line": 25, "column": 10}},
      "25": {"start": {"line": 26, "column": 0}, "end": {"line": 26, "column": 16}},
      "26": {"start": {"line": 27, "column": 0}, "end": {"line": 27, "column": 17}},
      "27": {"start": {"line": 28, "column": 0}, "end": {"line": 28, "column": 27}},
      "28": {"start": {"line": 29, "column": 0}, "end": {"line": 29, "column": 27}},
      "29": {"start": {"line": 30, "column": 0}, "end": {"line": 30, "column": 23}},
      "30": {"start": {"line": 31, "column": 0}, "end": {"line": 31, "column": 3}},
      "31": {"start": {"line": 32, "column": 0}, "end": {"line": 32, "column": 10}},
      "32": {"start": {"line": 33, "column": 0}, "end": {"line": 33, "column": 15}},
      "33": {"start": {"line": 34, "column": 0}, "end": {"line": 34, "column": 20}},
      "34": {"start": {"line": 35, "column": 0}, "end": {"line": 35, "column": 3}},
      "35": {"start": {"line": 36, "column": 0}, "end": {"line": 36, "column": 17}},
      "36": {"start": {"line": 37, "column": 0}, "end": {"line": 37, "column": 18}},
      "37": {"start": {"line": 38, "column": 0}, "end": {"line": 38, "column": 30}},
      "38": {"start": {"line": 39, "column": 0}, "end": {"line": 39, "column": 3}},
      "39": {"start": {"line": 40, "column": 0}, "end": {"line": 40, "column": 10}},
      "40": {"start": {"line": 41, "column": 0}, "end": {"line": 41, "column": 22}},
      "41": {"start": {"line": 42, "column": 0}, "end": {"line": 42, "column": 22}},
      "42": {"start": {"line": 43, "column": 0}, "end": {"line": 43, "column": 30}},
      "43": {"start": {"line": 44, "column": 0}, "end": {"line": 44, "column": 17}},
      "44": {"start": {"line": 45, "column": 0}, "end": {"line": 45, "column": 17}},
      "45": {"start": {"line": 46, "column": 0}, "end": {"line": 46, "column": 20}},
      "46": {"start": {"line": 47, "column": 0}, "end": {"line": 47, "column": 23}},
      "47": {"start": {"line": 48, "column": 0}, "end": {"line": 48, "column": 3}},
      "48": {"start": {"line": 49, "column": 0}, "end": {"line": 49, "column": 18}},
      "49": {"start": {"line": 50, "column": 0}, "end": {"line": 50, "column": 27}},
      "50": {"start": {"line": 51, "column": 0}, "end": {"line": 51, "column": 19}},
      "51": {"start": {"line": 52, "column": 0}, "end": {"line": 52, "column": 30}},
      "52": {"start": {"line": 53, "column": 0}, "end": {"line": 53, "column": 3}},
      "53": {"start": {"line": 54, "column": 0}, "end": {"line": 54, "column": 2}}
    },
    "s": {
      "0": 1,
      "2": 1,
      "3": 1,
      "4": 1,
      "5": 1,
      "6": 1,
      "7": 1,
      "8": 1,
      "9": 1,
      "10": 1,
      "11": 1,
      "12": 1,
      "13": 1,
      "14": 1,
      "15": 1,
      "16": 1,
      "17": 1,
      "18": 1,
      "19": 1,
      "20": 1,
      "21": 1,
      "22": 1,
      "23": 1,
      "24": 1,
      "25": 1,
      "26": 1,
      "27": 1,
      "28": 1,
      "29": 1,
      "30": 1,
      "31": 1,
      "32": 1,
      "33": 1,
      "34": 1,
      "35": 1,
      "36": 1,
      "37": 1,
      "38": 1,
      "39": 1,
      "40": 1,
      "41": 1,
      "42": 1,
      "43": 1,
      "44": 1,
      "45": 1,
      "46": 1,
      "47": 1,
      "48": 1,
      "49": 1,
      "50": 1,
      "51": 1,
      "52": 1,
      "53": 1
    },
    "branchMap": {},
    "b": {},
    "fnMap": {},
    "f": {}
  },
  "D:\\workspace\\employee-management-app\\src\\components\\employee-form\\index.js": {
    "path": "D:\\workspace\\employee-management-app\\src\\components\\employee-form\\index.js",
    "all": false,
    "statementMap": {
      "0": {"start": {"line": 1, "column": 0}, "end": {"line": 1, "column": 89}},
      "6": {"start": {"line": 7, "column": 0}, "end": {"line": 7, "column": 46}},
      "7": {"start": {"line": 8, "column": 0}, "end": {"line": 8, "column": 23}},
      "8": {"start": {"line": 9, "column": 0}, "end": {"line": 9, "column": 29}},
      "9": {"start": {"line": 10, "column": 0}, "end": {"line": 10, "column": 28}},
      "10": {"start": {"line": 11, "column": 0}, "end": {"line": 11, "column": 31}},
      "11": {"start": {"line": 12, "column": 0}, "end": {"line": 12, "column": 33}},
      "12": {"start": {"line": 13, "column": 0}, "end": {"line": 13, "column": 27}},
      "13": {"start": {"line": 14, "column": 0}, "end": {"line": 14, "column": 4}},
      "15": {"start": {"line": 16, "column": 0}, "end": {"line": 16, "column": 17}},
      "16": {"start": {"line": 17, "column": 0}, "end": {"line": 17, "column": 12}},
      "17": {"start": {"line": 18, "column": 0}, "end": {"line": 18, "column": 21}},
      "18": {"start": {"line": 19, "column": 0}, "end": {"line": 19, "column": 20}},
      "19": {"start": {"line": 20, "column": 0}, "end": {"line": 20, "column": 19}},
      "20": {"start": {"line": 21, "column": 0}, "end": {"line": 21, "column": 25}},
      "21": {"start": {"line": 22, "column": 0}, "end": {"line": 22, "column": 20}},
      "22": {"start": {"line": 23, "column": 0}, "end": {"line": 23, "column": 16}},
      "23": {"start": {"line": 24, "column": 0}, "end": {"line": 24, "column": 16}},
      "24": {"start": {"line": 25, "column": 0}, "end": {"line": 25, "column": 21}},
      "25": {"start": {"line": 26, "column": 0}, "end": {"line": 26, "column": 19}},
      "26": {"start": {"line": 27, "column": 0}, "end": {"line": 27, "column": 6}},
      "27": {"start": {"line": 28, "column": 0}, "end": {"line": 28, "column": 24}},
      "28": {"start": {"line": 29, "column": 0}, "end": {"line": 29, "column": 27}},
      "29": {"start": {"line": 30, "column": 0}, "end": {"line": 30, "column": 27}},
      "30": {"start": {"line": 31, "column": 0}, "end": {"line": 31, "column": 21}},
      "31": {"start": {"line": 32, "column": 0}, "end": {"line": 32, "column": 34}},
      "32": {"start": {"line": 33, "column": 0}, "end": {"line": 33, "column": 3}},
      "34": {"start": {"line": 35, "column": 0}, "end": {"line": 35, "column": 25}},
      "36": {"start": {"line": 37, "column": 0}, "end": {"line": 37, "column": 18}},
      "37": {"start": {"line": 38, "column": 0}, "end": {"line": 38, "column": 22}},
      "38": {"start": {"line": 39, "column": 0}, "end": {"line": 39, "column": 73}},
      "39": {"start": {"line": 40, "column": 0}, "end": {"line": 40, "column": 41}},
      "41": {"start": {"line": 42, "column": 0}, "end": {"line": 42, "column": 42}},
      "42": {"start": {"line": 43, "column": 0}, "end": {"line": 43, "column": 55}},
      "43": {"start": {"line": 44, "column": 0}, "end": {"line": 44, "column": 52}},
      "44": {"start": {"line": 45, "column": 0}, "end": {"line": 45, "column": 73}},
      "45": {"start": {"line": 46, "column": 0}, "end": {"line": 46, "column": 5}},
      "47": {"start": {"line": 48, "column": 0}, "end": {"line": 48, "column": 41}},
      "48": {"start": {"line": 49, "column": 0}, "end": {"line": 49, "column": 53}},
      "49": {"start": {"line": 50, "column": 0}, "end": {"line": 50, "column": 51}},
      "50": {"start": {"line": 51, "column": 0}, "end": {"line": 51, "column": 71}},
      "51": {"start": {"line": 52, "column": 0}, "end": {"line": 52, "column": 5}},
      "53": {"start": {"line": 54, "column": 0}, "end": {"line": 54, "column": 35}},
      "54": {"start": {"line": 55, "column": 0}, "end": {"line": 55, "column": 66}},
      "56": {"start": {"line": 57, "column": 0}, "end": {"line": 57, "column": 40}},
      "57": {"start": {"line": 58, "column": 0}, "end": {"line": 58, "column": 65}},
      "58": {"start": {"line": 59, "column": 0}, "end": {"line": 59, "column": 46}},
      "59": {"start": {"line": 60, "column": 0}, "end": {"line": 60, "column": 77}},
      "60": {"start": {"line": 61, "column": 0}, "end": {"line": 61, "column": 5}},
      "62": {"start": {"line": 63, "column": 0}, "end": {"line": 63, "column": 56}},
      "63": {"start": {"line": 64, "column": 0}, "end": {"line": 64, "column": 22}},
      "64": {"start": {"line": 65, "column": 0}, "end": {"line": 65, "column": 22}},
      "66": {"start": {"line": 67, "column": 0}, "end": {"line": 67, "column": 35}},
      "67": {"start": {"line": 68, "column": 0}, "end": {"line": 68, "column": 55}},
      "68": {"start": {"line": 69, "column": 0}, "end": {"line": 69, "column": 12}},
      "69": {"start": {"line": 70, "column": 0}, "end": {"line": 70, "column": 70}},
      "70": {"start": {"line": 71, "column": 0}, "end": {"line": 71, "column": 41}},
      "71": {"start": {"line": 72, "column": 0}, "end": {"line": 72, "column": 87}},
      "72": {"start": {"line": 73, "column": 0}, "end": {"line": 73, "column": 7}},
      "73": {"start": {"line": 74, "column": 0}, "end": {"line": 74, "column": 39}},
      "74": {"start": {"line": 75, "column": 0}, "end": {"line": 75, "column": 76}},
      "75": {"start": {"line": 76, "column": 0}, "end": {"line": 76, "column": 7}},
      "76": {"start": {"line": 77, "column": 0}, "end": {"line": 77, "column": 5}},
      "78": {"start": {"line": 79, "column": 0}, "end": {"line": 79, "column": 31}},
      "79": {"start": {"line": 80, "column": 0}, "end": {"line": 80, "column": 46}},
      "80": {"start": {"line": 81, "column": 0}, "end": {"line": 81, "column": 55}},
      "81": {"start": {"line": 82, "column": 0}, "end": {"line": 82, "column": 63}},
      "82": {"start": {"line": 83, "column": 0}, "end": {"line": 83, "column": 12}},
      "83": {"start": {"line": 84, "column": 0}, "end": {"line": 84, "column": 44}},
      "84": {"start": {"line": 85, "column": 0}, "end": {"line": 85, "column": 19}},
      "85": {"start": {"line": 86, "column": 0}, "end": {"line": 86, "column": 28}},
      "86": {"start": {"line": 87, "column": 0}, "end": {"line": 87, "column": 83}},
      "87": {"start": {"line": 88, "column": 0}, "end": {"line": 88, "column": 10}},
      "88": {"start": {"line": 89, "column": 0}, "end": {"line": 89, "column": 29}},
      "89": {"start": {"line": 90, "column": 0}, "end": {"line": 90, "column": 63}},
      "90": {"start": {"line": 91, "column": 0}, "end": {"line": 91, "column": 7}},
      "91": {"start": {"line": 92, "column": 0}, "end": {"line": 92, "column": 5}},
      "93": {"start": {"line": 94, "column": 0}, "end": {"line": 94, "column": 31}},
      "94": {"start": {"line": 95, "column": 0}, "end": {"line": 95, "column": 53}},
      "95": {"start": {"line": 96, "column": 0}, "end": {"line": 96, "column": 55}},
      "96": {"start": {"line": 97, "column": 0}, "end": {"line": 97, "column": 74}},
      "97": {"start": {"line": 98, "column": 0}, "end": {"line": 98, "column": 12}},
      "98": {"start": {"line": 99, "column": 0}, "end": {"line": 99, "column": 44}},
      "99": {"start": {"line": 100, "column": 0}, "end": {"line": 100, "column": 19}},
      "100": {"start": {"line": 101, "column": 0}, "end": {"line": 101, "column": 28}},
      "101": {"start": {"line": 102, "column": 0}, "end": {"line": 102, "column": 83}},
      "102": {"start": {"line": 103, "column": 0}, "end": {"line": 103, "column": 10}},
      "103": {"start": {"line": 104, "column": 0}, "end": {"line": 104, "column": 29}},
      "104": {"start": {"line": 105, "column": 0}, "end": {"line": 105, "column": 70}},
      "105": {"start": {"line": 106, "column": 0}, "end": {"line": 106, "column": 7}},
      "106": {"start": {"line": 107, "column": 0}, "end": {"line": 107, "column": 5}},
      "108": {"start": {"line": 109, "column": 0}, "end": {"line": 109, "column": 36}},
      "109": {"start": {"line": 110, "column": 0}, "end": {"line": 110, "column": 56}},
      "110": {"start": {"line": 111, "column": 0}, "end": {"line": 111, "column": 5}},
      "112": {"start": {"line": 113, "column": 0}, "end": {"line": 113, "column": 34}},
      "113": {"start": {"line": 114, "column": 0}, "end": {"line": 114, "column": 52}},
      "114": {"start": {"line": 115, "column": 0}, "end": {"line": 115, "column": 5}},
      "116": {"start": {"line": 117, "column": 0}, "end": {"line": 117, "column": 25}},
      "117": {"start": {"line": 118, "column": 0}, "end": {"line": 118, "column": 44}},
      "118": {"start": {"line": 119, "column": 0}, "end": {"line": 119, "column": 3}},
      "120": {"start": {"line": 121, "column": 0}, "end": {"line": 121, "column": 21}},
      "121": {"start": {"line": 122, "column": 0}, "end": {"line": 122, "column": 30}},
      "122": {"start": {"line": 123, "column": 0}, "end": {"line": 123, "column": 28}},
      "123": {"start": {"line": 124, "column": 0}, "end": {"line": 124, "column": 41}},
      "124": {"start": {"line": 125, "column": 0}, "end": {"line": 125, "column": 5}},
      "125": {"start": {"line": 126, "column": 0}, "end": {"line": 126, "column": 3}},
      "127": {"start": {"line": 128, "column": 0}, "end": {"line": 128, "column": 22}},
      "128": {"start": {"line": 129, "column": 0}, "end": {"line": 129, "column": 27}},
      "129": {"start": {"line": 130, "column": 0}, "end": {"line": 130, "column": 24}},
      "130": {"start": {"line": 131, "column": 0}, "end": {"line": 131, "column": 3}},
      "132": {"start": {"line": 133, "column": 0}, "end": {"line": 133, "column": 19}},
      "133": {"start": {"line": 134, "column": 0}, "end": {"line": 134, "column": 57}},
      "134": {"start": {"line": 135, "column": 0}, "end": {"line": 135, "column": 28}},
      "135": {"start": {"line": 136, "column": 0}, "end": {"line": 136, "column": 24}},
      "136": {"start": {"line": 137, "column": 0}, "end": {"line": 137, "column": 3}},
      "138": {"start": {"line": 139, "column": 0}, "end": {"line": 139, "column": 29}},
      "139": {"start": {"line": 140, "column": 0}, "end": {"line": 140, "column": 68}},
      "140": {"start": {"line": 141, "column": 0}, "end": {"line": 141, "column": 48}},
      "141": {"start": {"line": 142, "column": 0}, "end": {"line": 142, "column": 3}},
      "143": {"start": {"line": 144, "column": 0}, "end": {"line": 144, "column": 18}},
      "144": {"start": {"line": 145, "column": 0}, "end": {"line": 145, "column": 19}},
      "145": {"start": {"line": 146, "column": 0}, "end": {"line": 146, "column": 3}},
      "147": {"start": {"line": 148, "column": 0}, "end": {"line": 148, "column": 16}},
      "148": {"start": {"line": 149, "column": 0}, "end": {"line": 149, "column": 30}},
      "149": {"start": {"line": 150, "column": 0}, "end": {"line": 150, "column": 58}},
      "150": {"start": {"line": 151, "column": 0}, "end": {"line": 151, "column": 26}},
      "151": {"start": {"line": 152, "column": 0}, "end": {"line": 152, "column": 5}},
      "152": {"start": {"line": 153, "column": 0}, "end": {"line": 153, "column": 3}},
      "154": {"start": {"line": 155, "column": 0}, "end": {"line": 155, "column": 12}},
      "155": {"start": {"line": 156, "column": 0}, "end": {"line": 156, "column": 16}},
      "156": {"start": {"line": 157, "column": 0}, "end": {"line": 157, "column": 34}},
      "157": {"start": {"line": 158, "column": 0}, "end": {"line": 158, "column": 32}},
      "158": {"start": {"line": 159, "column": 0}, "end": {"line": 159, "column": 82}},
      "159": {"start": {"line": 160, "column": 0}, "end": {"line": 160, "column": 14}},
      "160": {"start": {"line": 161, "column": 0}, "end": {"line": 161, "column": 32}},
      "161": {"start": {"line": 162, "column": 0}, "end": {"line": 162, "column": 46}},
      "162": {"start": {"line": 163, "column": 0}, "end": {"line": 163, "column": 16}},
      "163": {"start": {"line": 164, "column": 0}, "end": {"line": 164, "column": 23}},
      "164": {"start": {"line": 165, "column": 0}, "end": {"line": 165, "column": 51}},
      "165": {"start": {"line": 166, "column": 0}, "end": {"line": 166, "column": 61}},
      "166": {"start": {"line": 167, "column": 0}, "end": {"line": 167, "column": 20}},
      "167": {"start": {"line": 168, "column": 0}, "end": {"line": 168, "column": 63}},
      "168": {"start": {"line": 169, "column": 0}, "end": {"line": 169, "column": 99}},
      "169": {"start": {"line": 170, "column": 0}, "end": {"line": 170, "column": 14}},
      "170": {"start": {"line": 171, "column": 0}, "end": {"line": 171, "column": 32}},
      "171": {"start": {"line": 172, "column": 0}, "end": {"line": 172, "column": 45}},
      "172": {"start": {"line": 173, "column": 0}, "end": {"line": 173, "column": 16}},
      "173": {"start": {"line": 174, "column": 0}, "end": {"line": 174, "column": 23}},
      "174": {"start": {"line": 175, "column": 0}, "end": {"line": 175, "column": 50}},
      "175": {"start": {"line": 176, "column": 0}, "end": {"line": 176, "column": 60}},
      "176": {"start": {"line": 177, "column": 0}, "end": {"line": 177, "column": 20}},
      "177": {"start": {"line": 178, "column": 0}, "end": {"line": 178, "column": 62}},
      "178": {"start": {"line": 179, "column": 0}, "end": {"line": 179, "column": 97}},
      "179": {"start": {"line": 180, "column": 0}, "end": {"line": 180, "column": 14}},
      "180": {"start": {"line": 181, "column": 0}, "end": {"line": 181, "column": 32}},
      "181": {"start": {"line": 182, "column": 0}, "end": {"line": 182, "column": 54}},
      "182": {"start": {"line": 183, "column": 0}, "end": {"line": 183, "column": 16}},
      "183": {"start": {"line": 184, "column": 0}, "end": {"line": 184, "column": 23}},
      "184": {"start": {"line": 185, "column": 0}, "end": {"line": 185, "column": 50}},
      "185": {"start": {"line": 186, "column": 0}, "end": {"line": 186, "column": 66}},
      "186": {"start": {"line": 187, "column": 0}, "end": {"line": 187, "column": 20}},
      "187": {"start": {"line": 188, "column": 0}, "end": {"line": 188, "column": 68}},
      "188": {"start": {"line": 189, "column": 0}, "end": {"line": 189, "column": 38}},
      "189": {"start": {"line": 190, "column": 0}, "end": {"line": 190, "column": 76}},
      "190": {"start": {"line": 191, "column": 0}, "end": {"line": 191, "column": 17}},
      "191": {"start": {"line": 192, "column": 0}, "end": {"line": 192, "column": 14}},
      "193": {"start": {"line": 194, "column": 0}, "end": {"line": 194, "column": 32}},
      "194": {"start": {"line": 195, "column": 0}, "end": {"line": 195, "column": 49}},
      "195": {"start": {"line": 196, "column": 0}, "end": {"line": 196, "column": 16}},
      "196": {"start": {"line": 197, "column": 0}, "end": {"line": 197, "column": 23}},
      "197": {"start": {"line": 198, "column": 0}, "end": {"line": 198, "column": 45}},
      "198": {"start": {"line": 199, "column": 0}, "end": {"line": 199, "column": 61}},
      "199": {"start": {"line": 200, "column": 0}, "end": {"line": 200, "column": 20}},
      "200": {"start": {"line": 201, "column": 0}, "end": {"line": 201, "column": 63}},
      "201": {"start": {"line": 202, "column": 0}, "end": {"line": 202, "column": 99}},
      "202": {"start": {"line": 203, "column": 0}, "end": {"line": 203, "column": 14}},
      "204": {"start": {"line": 205, "column": 0}, "end": {"line": 205, "column": 32}},
      "205": {"start": {"line": 206, "column": 0}, "end": {"line": 206, "column": 41}},
      "206": {"start": {"line": 207, "column": 0}, "end": {"line": 207, "column": 16}},
      "207": {"start": {"line": 208, "column": 0}, "end": {"line": 208, "column": 24}},
      "208": {"start": {"line": 209, "column": 0}, "end": {"line": 209, "column": 47}},
      "209": {"start": {"line": 210, "column": 0}, "end": {"line": 210, "column": 57}},
      "210": {"start": {"line": 211, "column": 0}, "end": {"line": 211, "column": 20}},
      "211": {"start": {"line": 212, "column": 0}, "end": {"line": 212, "column": 92}},
      "212": {"start": {"line": 213, "column": 0}, "end": {"line": 213, "column": 91}},
      "213": {"start": {"line": 214, "column": 0}, "end": {"line": 214, "column": 14}},
      "214": {"start": {"line": 215, "column": 0}, "end": {"line": 215, "column": 32}},
      "215": {"start": {"line": 216, "column": 0}, "end": {"line": 216, "column": 41}},
      "216": {"start": {"line": 217, "column": 0}, "end": {"line": 217, "column": 16}},
      "217": {"start": {"line": 218, "column": 0}, "end": {"line": 218, "column": 22}},
      "218": {"start": {"line": 219, "column": 0}, "end": {"line": 219, "column": 47}},
      "219": {"start": {"line": 220, "column": 0}, "end": {"line": 220, "column": 57}},
      "220": {"start": {"line": 221, "column": 0}, "end": {"line": 221, "column": 20}},
      "221": {"start": {"line": 222, "column": 0}, "end": {"line": 222, "column": 92}},
      "222": {"start": {"line": 223, "column": 0}, "end": {"line": 223, "column": 91}},
      "223": {"start": {"line": 224, "column": 0}, "end": {"line": 224, "column": 14}},
      "224": {"start": {"line": 225, "column": 0}, "end": {"line": 225, "column": 32}},
      "225": {"start": {"line": 226, "column": 0}, "end": {"line": 226, "column": 46}},
      "226": {"start": {"line": 227, "column": 0}, "end": {"line": 227, "column": 17}},
      "227": {"start": {"line": 228, "column": 0}, "end": {"line": 228, "column": 46}},
      "228": {"start": {"line": 229, "column": 0}, "end": {"line": 229, "column": 63}},
      "229": {"start": {"line": 230, "column": 0}, "end": {"line": 230, "column": 21}},
      "230": {"start": {"line": 231, "column": 0}, "end": {"line": 231, "column": 48}},
      "231": {"start": {"line": 232, "column": 0}, "end": {"line": 232, "column": 43}},
      "232": {"start": {"line": 233, "column": 0}, "end": {"line": 233, "column": 19}},
      "233": {"start": {"line": 234, "column": 0}, "end": {"line": 234, "column": 34}},
      "234": {"start": {"line": 235, "column": 0}, "end": {"line": 235, "column": 72}},
      "235": {"start": {"line": 236, "column": 0}, "end": {"line": 236, "column": 17}},
      "236": {"start": {"line": 237, "column": 0}, "end": {"line": 237, "column": 14}},
      "237": {"start": {"line": 238, "column": 0}, "end": {"line": 238, "column": 32}},
      "238": {"start": {"line": 239, "column": 0}, "end": {"line": 239, "column": 44}},
      "239": {"start": {"line": 240, "column": 0}, "end": {"line": 240, "column": 17}},
      "240": {"start": {"line": 241, "column": 0}, "end": {"line": 241, "column": 44}},
      "241": {"start": {"line": 242, "column": 0}, "end": {"line": 242, "column": 61}},
      "242": {"start": {"line": 243, "column": 0}, "end": {"line": 243, "column": 21}},
      "243": {"start": {"line": 244, "column": 0}, "end": {"line": 244, "column": 45}},
      "244": {"start": {"line": 245, "column": 0}, "end": {"line": 245, "column": 45}},
      "245": {"start": {"line": 246, "column": 0}, "end": {"line": 246, "column": 45}},
      "246": {"start": {"line": 247, "column": 0}, "end": {"line": 247, "column": 19}},
      "247": {"start": {"line": 248, "column": 0}, "end": {"line": 248, "column": 97}},
      "248": {"start": {"line": 249, "column": 0}, "end": {"line": 249, "column": 14}},
      "250": {"start": {"line": 251, "column": 0}, "end": {"line": 251, "column": 34}},
      "251": {"start": {"line": 252, "column": 0}, "end": {"line": 252, "column": 81}},
      "252": {"start": {"line": 253, "column": 0}, "end": {"line": 253, "column": 55}},
      "253": {"start": {"line": 254, "column": 0}, "end": {"line": 254, "column": 19}},
      "254": {"start": {"line": 255, "column": 0}, "end": {"line": 255, "column": 97}},
      "255": {"start": {"line": 256, "column": 0}, "end": {"line": 256, "column": 14}},
      "257": {"start": {"line": 258, "column": 0}, "end": {"line": 258, "column": 24}},
      "258": {"start": {"line": 259, "column": 0}, "end": {"line": 259, "column": 17}},
      "259": {"start": {"line": 260, "column": 0}, "end": {"line": 260, "column": 34}},
      "260": {"start": {"line": 261, "column": 0}, "end": {"line": 261, "column": 44}},
      "261": {"start": {"line": 262, "column": 0}, "end": {"line": 262, "column": 43}},
      "262": {"start": {"line": 263, "column": 0}, "end": {"line": 263, "column": 50}},
      "263": {"start": {"line": 264, "column": 0}, "end": {"line": 264, "column": 71}},
      "264": {"start": {"line": 265, "column": 0}, "end": {"line": 265, "column": 13}},
      "265": {"start": {"line": 266, "column": 0}, "end": {"line": 266, "column": 15}},
      "266": {"start": {"line": 267, "column": 0}, "end": {"line": 267, "column": 12}},
      "267": {"start": {"line": 268, "column": 0}, "end": {"line": 268, "column": 6}},
      "268": {"start": {"line": 269, "column": 0}, "end": {"line": 269, "column": 3}},
      "269": {"start": {"line": 270, "column": 0}, "end": {"line": 270, "column": 1}}
    },
    "s": {
      "0": 1,
      "6": 1,
      "7": 1,
      "8": 1,
      "9": 1,
      "10": 1,
      "11": 1,
      "12": 1,
      "13": 1,
      "15": 1,
      "16": 9,
      "17": 9,
      "18": 9,
      "19": 9,
      "20": 9,
      "21": 9,
      "22": 9,
      "23": 9,
      "24": 9,
      "25": 9,
      "26": 9,
      "27": 9,
      "28": 9,
      "29": 9,
      "30": 9,
      "31": 9,
      "32": 9,
      "34": 1,
      "36": 1,
      "37": 11,
      "38": 11,
      "39": 11,
      "41": 11,
      "42": 11,
      "43": 11,
      "44": 0,
      "45": 0,
      "47": 11,
      "48": 11,
      "49": 11,
      "50": 0,
      "51": 0,
      "53": 11,
      "54": 11,
      "56": 11,
      "57": 9,
      "58": 11,
      "59": 1,
      "60": 1,
      "62": 11,
      "63": 11,
      "64": 11,
      "66": 11,
      "67": 9,
      "68": 11,
      "69": 2,
      "70": 2,
      "71": 1,
      "72": 1,
      "73": 2,
      "74": 0,
      "75": 0,
      "76": 2,
      "78": 11,
      "79": 8,
      "80": 11,
      "81": 1,
      "82": 3,
      "83": 2,
      "84": 2,
      "85": 2,
      "86": 2,
      "87": 2,
      "88": 2,
      "89": 1,
      "90": 1,
      "91": 2,
      "93": 11,
      "94": 8,
      "95": 11,
      "96": 1,
      "97": 3,
      "98": 2,
      "99": 2,
      "100": 2,
      "101": 2,
[...]
        "locations": [{"start": {"line": 82, "column": 8}, "end": {"line": 84, "column": 79}}]
      },
      "14": {
        "type": "branch",
        "line": 83,
        "loc": {"start": {"line": 83, "column": 81}, "end": {"line": 84, "column": 79}},
        "locations": [{"start": {"line": 83, "column": 81}, "end": {"line": 84, "column": 79}}]
      },
      "15": {
        "type": "branch",
        "line": 91,
        "loc": {"start": {"line": 91, "column": 16}, "end": {"line": 95, "column": 5}},
        "locations": [{"start": {"line": 91, "column": 16}, "end": {"line": 95, "column": 5}}]
      },
      "16": {
        "type": "branch",
        "line": 96,
        "loc": {"start": {"line": 96, "column": 11}, "end": {"line": 99, "column": 5}},
        "locations": [{"start": {"line": 96, "column": 11}, "end": {"line": 99, "column": 5}}]
      },
      "17": {
        "type": "branch",
        "line": 100,
        "loc": {"start": {"line": 100, "column": 13}, "end": {"line": 106, "column": 5}},
        "locations": [{"start": {"line": 100, "column": 13}, "end": {"line": 106, "column": 5}}]
      },
      "18": {
        "type": "branch",
        "line": 102,
        "loc": {"start": {"line": 102, "column": 46}, "end": {"line": 104, "column": 7}},
        "locations": [{"start": {"line": 102, "column": 46}, "end": {"line": 104, "column": 7}}]
      },
      "19": {
        "type": "branch",
        "line": 109,
        "loc": {"start": {"line": 109, "column": 2}, "end": {"line": 113, "column": 3}},
        "locations": [{"start": {"line": 109, "column": 2}, "end": {"line": 113, "column": 3}}]
      },
      "20": {
        "type": "branch",
        "line": 115,
        "loc": {"start": {"line": 115, "column": 2}, "end": {"line": 131, "column": 3}},
        "locations": [{"start": {"line": 115, "column": 2}, "end": {"line": 131, "column": 3}}]
      },
      "21": {
        "type": "branch",
        "line": 117,
        "loc": {"start": {"line": 117, "column": 6}, "end": {"line": 123, "column": 26}},
        "locations": [{"start": {"line": 117, "column": 6}, "end": {"line": 123, "column": 26}}]
      },
      "22": {
        "type": "branch",
        "line": 124,
        "loc": {"start": {"line": 124, "column": 6}, "end": {"line": 130, "column": 25}},
        "locations": [{"start": {"line": 124, "column": 6}, "end": {"line": 130, "column": 25}}]
      },
      "23": {
        "type": "branch",
        "line": 133,
        "loc": {"start": {"line": 133, "column": 2}, "end": {"line": 179, "column": 3}},
        "locations": [{"start": {"line": 133, "column": 2}, "end": {"line": 179, "column": 3}}]
      },
      "24": {
        "type": "branch",
        "line": 146,
        "loc": {"start": {"line": 146, "column": 54}, "end": {"line": 146, "column": 64}},
        "locations": [{"start": {"line": 146, "column": 54}, "end": {"line": 146, "column": 64}}]
      },
      "25": {
        "type": "branch",
        "line": 146,
        "loc": {"start": {"line": 146, "column": 65}, "end": {"line": 146, "column": 69}},
        "locations": [{"start": {"line": 146, "column": 65}, "end": {"line": 146, "column": 69}}]
      },
      "26": {
        "type": "branch",
        "line": 151,
        "loc": {"start": {"line": 151, "column": 55}, "end": {"line": 151, "column": 65}},
        "locations": [{"start": {"line": 151, "column": 55}, "end": {"line": 151, "column": 65}}]
      },
      "27": {
        "type": "branch",
        "line": 151,
        "loc": {"start": {"line": 151, "column": 66}, "end": {"line": 151, "column": 70}},
        "locations": [{"start": {"line": 151, "column": 66}, "end": {"line": 151, "column": 70}}]
      },
      "28": {
        "type": "branch",
        "line": 168,
        "loc": {"start": {"line": 168, "column": 8}, "end": {"line": 175, "column": 13}},
        "locations": [{"start": {"line": 168, "column": 8}, "end": {"line": 175, "column": 13}}]
      },
      "29": {
        "type": "branch",
        "line": 176,
        "loc": {"start": {"line": 176, "column": 8}, "end": {"line": 176, "column": 12}},
        "locations": [{"start": {"line": 176, "column": 8}, "end": {"line": 176, "column": 12}}]
      },
      "30": {
        "type": "branch",
        "line": 147,
        "loc": {"start": {"line": 147, "column": 25}, "end": {"line": 147, "column": 87}},
        "locations": [{"start": {"line": 147, "column": 25}, "end": {"line": 147, "column": 87}}]
      },
      "31": {
        "type": "branch",
        "line": 170,
        "loc": {"start": {"line": 170, "column": 48}, "end": {"line": 170, "column": 87}},
        "locations": [{"start": {"line": 170, "column": 48}, "end": {"line": 170, "column": 87}}]
      }
    },
    "b": {
      "0": [13],
      "1": [1],
      "2": [13],
      "3": [13],
      "4": [10],
      "5": [10],
      "6": [18],
      "7": [1],
      "8": [1],
      "9": [1],
      "10": [1],
      "11": [1],
      "12": [0],
      "13": [2],
      "14": [1],
      "15": [1],
      "16": [2],
      "17": [1],
      "18": [0],
      "19": [17],
      "20": [16],
      "21": [15],
      "22": [1],
      "23": [16],
      "24": [1],
      "25": [15],
      "26": [15],
      "27": [1],
      "28": [3],
      "29": [13],
      "30": [1],
      "31": [3]
    },
    "fnMap": {
      "0": {
        "name": "<instance_members_initializer>",
        "decl": {"start": {"line": 7, "column": 7}, "end": {"line": 180, "column": 1}},
        "loc": {"start": {"line": 7, "column": 7}, "end": {"line": 180, "column": 1}},
        "line": 7
      },
      "1": {
        "name": "<static_initializer>",
        "decl": {"start": {"line": 17, "column": 2}, "end": {"line": 17, "column": 24}},
        "loc": {"start": {"line": 17, "column": 2}, "end": {"line": 17, "column": 24}},
        "line": 17
      },
      "2": {
        "name": "EmployeePage",
        "decl": {"start": {"line": 19, "column": 2}, "end": {"line": 23, "column": 3}},
        "loc": {"start": {"line": 19, "column": 2}, "end": {"line": 23, "column": 3}},
        "line": 19
      },
      "3": {
        "name": "initialProperties",
        "decl": {"start": {"line": 25, "column": 2}, "end": {"line": 35, "column": 3}},
        "loc": {"start": {"line": 25, "column": 2}, "end": {"line": 35, "column": 3}},
        "line": 25
      },
      "4": {
        "name": "connectedCallback",
        "decl": {"start": {"line": 37, "column": 2}, "end": {"line": 41, "column": 3}},
        "loc": {"start": {"line": 37, "column": 2}, "end": {"line": 41, "column": 3}},
        "line": 37
      },
      "5": {
        "name": "disconnectedCallback",
        "decl": {"start": {"line": 43, "column": 2}, "end": {"line": 45, "column": 3}},
        "loc": {"start": {"line": 43, "column": 2}, "end": {"line": 45, "column": 3}},
        "line": 43
      },
      "6": {
        "name": "handleStoreUpdate",
        "decl": {"start": {"line": 47, "column": 2}, "end": {"line": 50, "column": 3}},
        "loc": {"start": {"line": 47, "column": 2}, "end": {"line": 50, "column": 3}},
        "line": 47
      },
      "7": {
        "name": "get totalPages",
        "decl": {"start": {"line": 52, "column": 2}, "end": {"line": 54, "column": 3}},
        "loc": {"start": {"line": 52, "column": 2}, "end": {"line": 54, "column": 3}},
        "line": 52
      },
      "8": {
        "name": "_handleAddEmployee",
        "decl": {"start": {"line": 57, "column": 24}, "end": {"line": 57, "column": 47}},
        "loc": {"start": {"line": 57, "column": 24}, "end": {"line": 57, "column": 47}},
        "line": 57
      },
      "9": {
        "name": "_handleEditEmployee",
        "decl": {"start": {"line": 58, "column": 25}, "end": {"line": 61, "column": 5}},
        "loc": {"start": {"line": 58, "column": 25}, "end": {"line": 61, "column": 5}},
        "line": 58
      },
      "10": {
        "name": "_handleDeleteEmployee",
        "decl": {"start": {"line": 62, "column": 27}, "end": {"line": 65, "column": 5}},
        "loc": {"start": {"line": 62, "column": 27}, "end": {"line": 65, "column": 5}},
        "line": 62
      },
      "11": {
        "name": "_handlePageChange",
        "decl": {"start": {"line": 66, "column": 23}, "end": {"line": 66, "column": 64}},
        "loc": {"start": {"line": 66, "column": 23}, "end": {"line": 66, "column": 64}},
        "line": 66
      },
      "12": {
        "name": "_handleSelectionChange",
        "decl": {"start": {"line": 67, "column": 28}, "end": {"line": 67, "column": 79}},
        "loc": {"start": {"line": 67, "column": 28}, "end": {"line": 67, "column": 79}},
        "line": 67
      },
      "13": {
        "name": "_handleViewModeChange",
        "decl": {"start": {"line": 68, "column": 27}, "end": {"line": 70, "column": 5}},
        "loc": {"start": {"line": 68, "column": 27}, "end": {"line": 70, "column": 5}},
        "line": 68
      },
      "14": {
        "name": "_handleSearchEmployee",
        "decl": {"start": {"line": 71, "column": 27}, "end": {"line": 87, "column": 5}},
        "loc": {"start": {"line": 71, "column": 27}, "end": {"line": 87, "column": 5}},
        "line": 71
      },
      "15": {
        "name": "openDelete",
        "decl": {"start": {"line": 91, "column": 16}, "end": {"line": 95, "column": 5}},
        "loc": {"start": {"line": 91, "column": 16}, "end": {"line": 95, "column": 5}},
        "line": 91
      },
      "16": {
        "name": "close",
        "decl": {"start": {"line": 96, "column": 11}, "end": {"line": 99, "column": 5}},
        "loc": {"start": {"line": 96, "column": 11}, "end": {"line": 99, "column": 5}},
        "line": 96
      },
      "17": {
        "name": "confirm",
        "decl": {"start": {"line": 100, "column": 13}, "end": {"line": 106, "column": 5}},
        "loc": {"start": {"line": 100, "column": 13}, "end": {"line": 106, "column": 5}},
        "line": 100
      },
      "18": {
        "name": "_getPaginatedEmployees",
        "decl": {"start": {"line": 109, "column": 2}, "end": {"line": 113, "column": 3}},
        "loc": {"start": {"line": 109, "column": 2}, "end": {"line": 113, "column": 3}},
        "line": 109
      },
      "19": {
        "name": "_renderViewMode",
        "decl": {"start": {"line": 115, "column": 2}, "end": {"line": 131, "column": 3}},
        "loc": {"start": {"line": 115, "column": 2}, "end": {"line": 131, "column": 3}},
        "line": 115
      },
      "20": {
        "name": "render",
        "decl": {"start": {"line": 133, "column": 2}, "end": {"line": 179, "column": 3}},
        "loc": {"start": {"line": 133, "column": 2}, "end": {"line": 179, "column": 3}},
        "line": 133
      }
    },
    "f": {
      "0": 13,
      "1": 1,
      "2": 13,
      "3": 13,
      "4": 10,
      "5": 10,
      "6": 0,
      "7": 18,
      "8": 1,
      "9": 1,
      "10": 0,
      "11": 1,
      "12": 0,
      "13": 1,
      "14": 1,
      "15": 1,
      "16": 2,
      "17": 1,
      "18": 17,
      "19": 16,
      "20": 16
    }
  },
  "D:\\workspace\\employee-management-app\\src\\store\\app-store.js": {
    "path": "D:\\workspace\\employee-management-app\\src\\store\\app-store.js",
    "all": false,
    "statementMap": {
      "0": {"start": {"line": 1, "column": 0}, "end": {"line": 1, "column": 127}},
      "3": {"start": {"line": 4, "column": 0}, "end": {"line": 4, "column": 41}},
      "4": {"start": {"line": 5, "column": 0}, "end": {"line": 5, "column": 10}},
      "5": {"start": {"line": 6, "column": 0}, "end": {"line": 6, "column": 20}},
      "6": {"start": {"line": 7, "column": 0}, "end": {"line": 7, "column": 24}},
      "7": {"start": {"line": 8, "column": 0}, "end": {"line": 8, "column": 29}},
      "8": {"start": {"line": 9, "column": 0}, "end": {"line": 9, "column": 33}},
      "9": {"start": {"line": 10, "column": 0}, "end": {"line": 10, "column": 32}},
      "10": {"start": {"line": 11, "column": 0}, "end": {"line": 11, "column": 8}},
      "11": {"start": {"line": 12, "column": 0}, "end": {"line": 12, "column": 34}},
      "12": {"start": {"line": 13, "column": 0}, "end": {"line": 13, "column": 13}},
      "13": {"start": {"line": 14, "column": 0}, "end": {"line": 14, "column": 26}},
      "14": {"start": {"line": 15, "column": 0}, "end": {"line": 15, "column": 35}},
      "15": {"start": {"line": 16, "column": 0}, "end": {"line": 16, "column": 13}},
      "16": {"start": {"line": 17, "column": 0}, "end": {"line": 17, "column": 38}},
      "17": {"start": {"line": 18, "column": 0}, "end": {"line": 18, "column": 26}},
      "18": {"start": {"line": 19, "column": 0}, "end": {"line": 19, "column": 14}},
      "19": {"start": {"line": 20, "column": 0}, "end": {"line": 20, "column": 12}},
      "20": {"start": {"line": 21, "column": 0}, "end": {"line": 21, "column": 11}},
      "21": {"start": {"line": 22, "column": 0}, "end": {"line": 22, "column": 8}},
      "22": {"start": {"line": 23, "column": 0}, "end": {"line": 23, "column": 35}},
      "23": {"start": {"line": 24, "column": 0}, "end": {"line": 24, "column": 13}},
      "24": {"start": {"line": 25, "column": 0}, "end": {"line": 25, "column": 55}},
      "25": {"start": {"line": 26, "column": 0}, "end": {"line": 26, "column": 58}},
      "26": {"start": {"line": 27, "column": 0}, "end": {"line": 27, "column": 12}},
      "27": {"start": {"line": 28, "column": 0}, "end": {"line": 28, "column": 11}},
      "28": {"start": {"line": 29, "column": 0}, "end": {"line": 29, "column": 8}},
      "29": {"start": {"line": 30, "column": 0}, "end": {"line": 30, "column": 31}},
      "30": {"start": {"line": 31, "column": 0}, "end": {"line": 31, "column": 13}},
      "31": {"start": {"line": 32, "column": 0}, "end": {"line": 32, "column": 76}},
      "32": {"start": {"line": 33, "column": 0}, "end": {"line": 33, "column": 11}},
      "33": {"start": {"line": 34, "column": 0}, "end": {"line": 34, "column": 8}},
      "34": {"start": {"line": 35, "column": 0}, "end": {"line": 35, "column": 7}},
      "35": {"start": {"line": 36, "column": 0}, "end": {"line": 36, "column": 5}},
      "36": {"start": {"line": 37, "column": 0}, "end": {"line": 37, "column": 28}},
      "37": {"start": {"line": 38, "column": 0}, "end": {"line": 38, "column": 5}},
      "38": {"start": {"line": 39, "column": 0}, "end": {"line": 39, "column": 3}},
      "39": {"start": {"line": 40, "column": 0}, "end": {"line": 40, "column": 2}}
    },
    "s": {
      "0": 1,
      "3": 1,
      "4": 1,
      "5": 1,
      "6": 1,
      "7": 1,
      "8": 1,
      "9": 1,
      "10": 1,
      "11": 1,
      "12": 7,
      "13": 7,
      "14": 7,
      "15": 7,
      "16": 7,
      "17": 7,
      "18": 7,
      "19": 7,
      "20": 7,
      "21": 1,
      "22": 1,
      "23": 2,
      "24": 2,
      "25": 4,
      "26": 2,
      "27": 2,
      "28": 1,
      "29": 1,
      "30": 1,
      "31": 1,
      "32": 1,
      "33": 1,
      "34": 1,
      "35": 1,
      "36": 1,
      "37": 1,
      "38": 1,
      "39": 1
    },
    "branchMap": {
      "0": {
        "type": "branch",
        "line": 6,
        "loc": {"start": {"line": 6, "column": 4}, "end": {"line": 35, "column": 6}},
        "locations": [{"start": {"line": 6, "column": 4}, "end": {"line": 35, "column": 6}}]
      },
      "1": {
        "type": "branch",
        "line": 9,
        "loc": {"start": {"line": 9, "column": 22}, "end": {"line": 11, "column": 7}},
        "locations": [{"start": {"line": 9, "column": 22}, "end": {"line": 11, "column": 7}}]
      },
      "2": {
        "type": "branch",
        "line": 12,
        "loc": {"start": {"line": 12, "column": 19}, "end": {"line": 22, "column": 7}},
        "locations": [{"start": {"line": 12, "column": 19}, "end": {"line": 22, "column": 7}}]
      },
      "3": {
        "type": "branch",
        "line": 23,
        "loc": {"start": {"line": 23, "column": 20}, "end": {"line": 29, "column": 7}},
        "locations": [{"start": {"line": 23, "column": 20}, "end": {"line": 29, "column": 7}}]
      },
      "4": {
        "type": "branch",
        "line": 25,
        "loc": {"start": {"line": 25, "column": 49}, "end": {"line": 26, "column": 58}},
        "locations": [{"start": {"line": 25, "column": 49}, "end": {"line": 26, "column": 58}}]
      },
      "5": {
        "type": "branch",
        "line": 26,
        "loc": {"start": {"line": 26, "column": 53}, "end": {"line": 26, "column": 58}},
        "locations": [{"start": {"line": 26, "column": 53}, "end": {"line": 26, "column": 58}}]
      },
      "6": {
        "type": "branch",
        "line": 30,
        "loc": {"start": {"line": 30, "column": 22}, "end": {"line": 34, "column": 7}},
        "locations": [{"start": {"line": 30, "column": 22}, "end": {"line": 34, "column": 7}}]
      },
      "7": {
        "type": "branch",
        "line": 32,
        "loc": {"start": {"line": 32, "column": 52}, "end": {"line": 32, "column": 74}},
        "locations": [{"start": {"line": 32, "column": 52}, "end": {"line": 32, "column": 74}}]
      }
    },
    "b": {"0": [1], "1": [1], "2": [7], "3": [2], "4": [4], "5": [0], "6": [1], "7": [1]},
    "fnMap": {
      "0": {
        "name": "__vite_ssr_import_0__.createStore.__vite_ssr_import_1__.persist.name",
        "decl": {"start": {"line": 6, "column": 4}, "end": {"line": 35, "column": 6}},
        "loc": {"start": {"line": 6, "column": 4}, "end": {"line": 35, "column": 6}},
        "line": 6
      },
      "1": {
        "name": "changeViewMode",
        "decl": {"start": {"line": 9, "column": 22}, "end": {"line": 11, "column": 7}},
        "loc": {"start": {"line": 9, "column": 22}, "end": {"line": 11, "column": 7}},
        "line": 9
      },
      "2": {
        "name": "addEmployee",
        "decl": {"start": {"line": 12, "column": 19}, "end": {"line": 22, "column": 7}},
        "loc": {"start": {"line": 12, "column": 19}, "end": {"line": 22, "column": 7}},
        "line": 12
      },
      "3": {
        "name": "editEmployee",
        "decl": {"start": {"line": 23, "column": 20}, "end": {"line": 29, "column": 7}},
        "loc": {"start": {"line": 23, "column": 20}, "end": {"line": 29, "column": 7}},
        "line": 23
      },
      "4": {
        "name": "removeEmployee",
        "decl": {"start": {"line": 30, "column": 22}, "end": {"line": 34, "column": 7}},
        "loc": {"start": {"line": 30, "column": 22}, "end": {"line": 34, "column": 7}},
        "line": 30
      }
    },
    "f": {"0": 1, "1": 1, "2": 7, "3": 2, "4": 1}
  },
  "D:\\workspace\\employee-management-app\\src\\utils\\dateUtil.js": {
    "path": "D:\\workspace\\employee-management-app\\src\\utils\\dateUtil.js",
    "all": false,
    "statementMap": {
      "0": {"start": {"line": 1, "column": 0}, "end": {"line": 1, "column": 40}},
      "1": {"start": {"line": 2, "column": 0}, "end": {"line": 2, "column": 33}},
      "2": {"start": {"line": 3, "column": 0}, "end": {"line": 3, "column": 54}},
      "3": {"start": {"line": 4, "column": 0}, "end": {"line": 4, "column": 61}},
      "4": {"start": {"line": 5, "column": 0}, "end": {"line": 5, "column": 34}},
      "6": {"start": {"line": 7, "column": 0}, "end": {"line": 7, "column": 35}},
      "7": {"start": {"line": 8, "column": 0}, "end": {"line": 8, "column": 2}}
    },
    "s": {"0": 1, "1": 10, "2": 10, "3": 10, "4": 10, "6": 10, "7": 10},
    "branchMap": {
      "0": {
        "type": "branch",
        "line": 1,
        "loc": {"start": {"line": 1, "column": 26}, "end": {"line": 8, "column": 2}},
        "locations": [{"start": {"line": 1, "column": 26}, "end": {"line": 8, "column": 2}}]
      }
    },
    "b": {"0": [10]},
    "fnMap": {
      "0": {
        "name": "formatDate",
        "decl": {"start": {"line": 1, "column": 26}, "end": {"line": 8, "column": 2}},
        "loc": {"start": {"line": 1, "column": 26}, "end": {"line": 8, "column": 2}},
        "line": 1
      }
    },
    "f": {"0": 10}
  }
}
